[2024-12-13T16:11:41.567Z] INFO: 使用服务器地址: ws://192.168.10.102:10095
[2024-12-13T16:11:41.568Z] INFO: 正在连接到服务器: ws://192.168.10.102:10095
[2024-12-13T16:11:41.655Z] ERROR: Porcupine 初始化失败: PorcupineInvalidArgumentError: File not found at 'modelPath': [object Object]
    at new Porcupine (D:\Documents\stt\node_modules\@picovoice\porcupine-node\src\porcupine.ts:117:13)
    at Object.onLoad (D:\Documents\stt\plugins\关键词\index.ts:79:32)
    at PluginSystem.loadPlugin (D:\Documents\stt\src\core\plugin-system.ts:10:22)
    at VoiceRecognitionFramework.loadPlugins (D:\Documents\stt\src\core\framework.ts:32:33)
    at VoiceRecognitionFramework.initialize (D:\Documents\stt\src\core\framework.ts:23:16)
    at main (D:\Documents\stt\src\index.ts:14:19)
    at Object.<anonymous> (D:\Documents\stt\src\index.ts:48:1)
    at Module._compile (node:internal/modules/cjs/loader:1358:14)
    at Module.m._compile (D:\Documents\stt\node_modules\ts-node\src\index.ts:1618:23)
    at Module._extensions..js (node:internal/modules/cjs/loader:1416:10) {
  _message: "File not found at 'modelPath': [object Object]",
  _messageStack: []
}
[2024-12-13T16:11:41.666Z] INFO: 插件 关键词 加载成功
[2024-12-13T16:11:41.666Z] INFO: 输入命令控制录音：
[2024-12-13T16:11:41.667Z] INFO: start   - 开始录音
[2024-12-13T16:11:41.667Z] INFO: stop    - 停止录音
[2024-12-13T16:11:41.667Z] INFO: reload  - 重新加载插件
[2024-12-13T16:11:41.667Z] INFO: results - 显示所有结果
[2024-12-13T16:11:41.667Z] INFO: exit    - 退出程序
[2024-12-13T16:11:41.670Z] INFO: WebSocket 连接已建立
