
> stt@1.0.0 dev
> ts-node voiceRecognition.ts

输入命令控制录音：
start - 开始录音    
stop - 停止录音     
exit - 退出程序     
WebSocket 连接已建立
start
开始录音...
实时识别结果: 喂喂
最终识别结果: 喂喂喂
详细分段: [
  {
    end: 3295,
    punc: '',
    start: 2650,
    text_seg: '喂 喂 喂',
    ts_list: [ [Array], [Array], [Array] ]
  }
]
实时识别结果: hello hel 
最终识别结果: ， hellohello
详细分段: [
  { end: -1, punc: '，', start: -1, text_seg: '', ts_list: [] },
  {
    end: 6780,
    punc: '',
    start: 6640,
    text_seg: 'hellohello',
    ts_list: [ [Array] ]
  }
]
实时识别结果: 一二三
实时识别结果: 四五六
最终识别结果: 234567 
详细分段: [
  {
    end: 13390,
    punc: '',
    start: 12470,
    text_seg: '2 3 4 5 6 7',
    ts_list: [ [Array], [Array], [Array], [Array], [Array], [Array] ]
  }
]
实时识别结果: 一二三
实时识别结果: 四五六
最终识别结果: 1234567 
详细分段: [
  {
    end: 19285,
    punc: '',
    start: 17890,
    text_seg: '1 2 3 4 5 6 7',
    ts_list: [
      [Array], [Array],
      [Array], [Array],
      [Array], [Array],
      [Array]
    ]
  }
]
终止批处理操作吗(Y/N)? y