[2024-12-13T14:43:29.284Z] INFO: 关键词插件已加载
[2024-12-13T14:43:29.286Z] INFO: 插件 关键词 加载成功
[2024-12-13T14:43:29.287Z] INFO: 输入命令控制录音：
[2024-12-13T14:43:29.287Z] INFO: start   - 开始录音
[2024-12-13T14:43:29.287Z] INFO: stop    - 停止录音
[2024-12-13T14:43:29.287Z] INFO: reload  - 重新加载插件
[2024-12-13T14:43:29.288Z] INFO: results - 显示所有结果
[2024-12-13T14:43:29.288Z] INFO: exit    - 退出程序
[2024-12-13T14:43:29.290Z] INFO: WebSocket 连接已建立
[2024-12-13T14:43:31.743Z] INFO: 开始录音...
[2024-12-13T14:43:51.559Z] INFO: 检测到关键词: 雪豹
[2024-12-13T14:43:55.596Z] INFO: 检测到关键词: 雪豹
[2024-12-13T14:44:11.022Z] INFO: 检测到关键词: 雪豹
[2024-12-13T14:44:14.581Z] INFO: 检测到关键词: 雪豹
[2024-12-13T14:44:18.939Z] INFO: 检测到关键词: 雪豹
[2024-12-13T14:53:09.645Z] INFO: 检测到插件 关键词 变更，正在重新加载...
[2024-12-13T14:53:09.646Z] INFO: 关键词插件已卸载
[2024-12-13T14:53:09.744Z] ERROR: 加载插件 关键词 失败: [96mplugins/关键词/index.ts[0m:[93m21[0m:[93m10[0m - [91merror[0m[90m TS2322: [0mType 'Buffer<ArrayBufferLike>' is not assignable to type 'string'.

[7m21[0m         [this.ppnFile],
[7m  [0m [91m         ~~~~~~~~~~~~[0m

[2024-12-13T14:53:09.746Z] INFO: 检测到插件 关键词 变更，正在重新加载...
[2024-12-13T14:53:09.747Z] INFO: 关键词插件已卸载
[2024-12-13T14:53:09.752Z] ERROR: 加载插件 关键词 失败: [96mplugins/关键词/index.ts[0m:[93m21[0m:[93m10[0m - [91merror[0m[90m TS2322: [0mType 'Buffer<ArrayBufferLike>' is not assignable to type 'string'.

[7m21[0m         [this.ppnFile],
[7m  [0m [91m         ~~~~~~~~~~~~[0m

[2024-12-13T14:53:09.753Z] INFO: 检测到插件 关键词 变更，正在重新加载...
[2024-12-13T14:53:09.753Z] INFO: 关键词插件已卸载
[2024-12-13T14:53:09.759Z] ERROR: 加载插件 关键词 失败: [96mplugins/关键词/index.ts[0m:[93m21[0m:[93m10[0m - [91merror[0m[90m TS2322: [0mType 'Buffer<ArrayBufferLike>' is not assignable to type 'string'.

[7m21[0m         [this.ppnFile],
[7m  [0m [91m         ~~~~~~~~~~~~[0m

