[2024-12-13T14:54:10.439Z] ERROR: 加载插件 关键词 失败: [96mplugins/关键词/index.ts[0m:[93m21[0m:[93m10[0m - [91merror[0m[90m TS2322: [0mType 'Buffer<ArrayBufferLike>' is not assignable to type 'string'.

[7m21[0m         [this.ppnFile],
[7m  [0m [91m         ~~~~~~~~~~~~[0m

[2024-12-13T14:54:10.442Z] INFO: 输入命令控制录音：
[2024-12-13T14:54:10.443Z] INFO: start   - 开始录音
[2024-12-13T14:54:10.443Z] INFO: stop    - 停止录音
[2024-12-13T14:54:10.443Z] INFO: reload  - 重新加载插件
[2024-12-13T14:54:10.443Z] INFO: results - 显示所有结果
[2024-12-13T14:54:10.443Z] INFO: exit    - 退出程序
[2024-12-13T14:54:10.446Z] INFO: WebSocket 连接已建立
[2024-12-13T14:54:13.382Z] INFO: 开始录音...
[2024-12-13T14:54:16.668Z] INFO: 识别文本: hel 
[2024-12-13T14:54:17.397Z] INFO: 识别文本: hello
[2024-12-13T14:54:21.138Z] INFO: 识别文本: hello hel 
[2024-12-13T14:54:22.180Z] INFO: 识别文本: hello
[2024-12-13T14:54:29.995Z] INFO: 识别文本: ship up
[2024-12-13T14:54:30.808Z] INFO: 识别文本: 豹
[2024-12-13T14:54:34.091Z] INFO: 识别文本: 雪
[2024-12-13T14:54:34.539Z] INFO: 识别文本: 雪豹
[2024-12-13T14:54:38.339Z] INFO: 识别文本: 雪
[2024-12-13T14:54:38.653Z] INFO: 识别文本: 媳妇
