[2024-12-15T04:17:24.517Z] INFO: 正在连接到服务器: ws://192.168.10.102:10095
[2024-12-15T04:17:24.520Z] INFO: 加载关键词: snowleopard -> assets/keywords/zh/雪豹.ppn
[2024-12-15T04:17:24.724Z] INFO: 热词检测初始化成功
[2024-12-15T04:17:24.726Z] INFO: 热词检测初始化成功
[2024-12-15T04:17:24.777Z] INFO: 关键词插件已加载
[2024-12-15T04:17:24.778Z] INFO: 插件 关键词 加载成功
[2024-12-15T04:17:24.778Z] INFO: 插件加载完成
[2024-12-15T04:17:24.778Z] INFO: 输入命令控制录音：
[2024-12-15T04:17:24.779Z] INFO: start   - 开始录音
[2024-12-15T04:17:24.779Z] INFO: stop    - 停止录音
[2024-12-15T04:17:24.779Z] INFO: reload  - 重新加载插件
[2024-12-15T04:17:24.779Z] INFO: results - 显示所有结果
[2024-12-15T04:17:24.779Z] INFO: exit    - 退出程序
[2024-12-15T04:17:24.783Z] INFO: WebSocket 连接已建立
[2024-12-15T04:17:24.783Z] INFO: 发送配置: {"chunk_size":[5,10,5],"wav_name":"realtime_recognition","is_speaking":true,"wav_format":"pcm","chunk_interval":10,"itn":true,"mode":"2pass","hotwords":"{\"snowleopard\":20,\"hello world\":40}"}
[2024-12-15T04:17:27.912Z] INFO: 开始录音...
[2024-12-15T04:17:32.377Z] INFO: [离线识别] 123 
[2024-12-15T04:17:32.378Z] INFO: [分段识别] 1 2 3 (1900-2504)
[2024-12-15T04:17:36.200Z] INFO: [声音匹配] 检测到热词
[2024-12-15T04:17:36.200Z] INFO: [声音匹配] 检测到关键词: 雪豹
[2024-12-15T04:17:37.039Z] INFO: [离线识别] 雪豹
[2024-12-15T04:17:37.039Z] INFO: [文本匹配] 检测到关键词: 雪豹
[2024-12-15T04:17:37.040Z] INFO: [分段识别] 雪 豹 (7130-7665)
[2024-12-15T04:17:39.271Z] INFO: [声音匹配] 检测到热词
[2024-12-15T04:17:39.271Z] INFO: [声音匹配] 检测到关键词: 雪豹
[2024-12-15T04:17:40.505Z] INFO: [离线识别] 雪豹
[2024-12-15T04:17:40.505Z] INFO: [文本匹配] 检测到关键词: 雪豹
[2024-12-15T04:17:40.505Z] INFO: [分段识别] 雪 豹 (10330-10845)
[2024-12-15T04:17:43.791Z] INFO: [声音匹配] 检测到热词
[2024-12-15T04:17:43.791Z] INFO: [声音匹配] 检测到关键词: 雪豹
[2024-12-15T04:17:44.733Z] INFO: [离线识别] 。123 ，雪豹
[2024-12-15T04:17:44.734Z] INFO: [文本匹配] 检测到关键词: 雪豹
[2024-12-15T04:17:44.734Z] INFO: [分段识别]  (-1--1)
[2024-12-15T04:17:44.734Z] INFO: [分段识别] 1 2 3 (14250-14690)
[2024-12-15T04:17:44.734Z] INFO: [分段识别] 雪 豹 (14690-15155)
[2024-12-15T04:18:00.685Z] INFO: [离线识别] 。123 
[2024-12-15T04:18:00.686Z] INFO: [分段识别]  (-1--1)
[2024-12-15T04:18:00.686Z] INFO: [分段识别] 1 2 3 (30420-31145)
