[2024-12-15T04:19:37.593Z] INFO: 正在连接到服务器: ws://192.168.10.102:10095
[2024-12-15T04:19:37.596Z] INFO: 加载关键词: snowleopard -> assets/keywords/zh/雪豹.ppn
[2024-12-15T04:19:37.790Z] INFO: 热词检测初始化成功
[2024-12-15T04:19:37.792Z] INFO: 热词检测初始化成功
[2024-12-15T04:19:37.843Z] INFO: 关键词插件已加载
[2024-12-15T04:19:37.843Z] INFO: 插件 关键词 加载成功
[2024-12-15T04:19:37.844Z] INFO: 插件加载完成
[2024-12-15T04:19:37.844Z] INFO: 输入命令控制录音：
[2024-12-15T04:19:37.844Z] INFO: start   - 开始录音
[2024-12-15T04:19:37.844Z] INFO: stop    - 停止录音
[2024-12-15T04:19:37.845Z] INFO: reload  - 重新加载插件
[2024-12-15T04:19:37.845Z] INFO: results - 显示所有结果
[2024-12-15T04:19:37.845Z] INFO: exit    - 退出程序
[2024-12-15T04:19:37.847Z] INFO: WebSocket 连接已建立
[2024-12-15T04:19:37.848Z] INFO: 发送配置: {"chunk_size":[5,10,5],"wav_name":"realtime_recognition","is_speaking":true,"wav_format":"pcm","chunk_interval":10,"itn":true,"mode":"2pass","hotwords":"{\"snowleopard\":20,\"hello world\":40}"}
[2024-12-15T04:19:40.929Z] INFO: 开始录音...
[2024-12-15T04:19:44.523Z] INFO: [离线识别] 123 
[2024-12-15T04:19:48.565Z] INFO: [离线识别] 123 
[2024-12-15T04:19:51.163Z] INFO: [声音匹配] 检测到热词
[2024-12-15T04:19:51.164Z] INFO: [声音匹配] 检测到关键词: 雪豹
[2024-12-15T04:19:52.230Z] INFO: [离线识别] 123 ，雪豹
[2024-12-15T04:19:52.231Z] INFO: [文本匹配] 检测到关键词: 雪豹
[2024-12-15T04:20:02.457Z] INFO: [离线识别] 雪豹
[2024-12-15T04:20:02.458Z] INFO: [文本匹配] 检测到关键词: 雪豹
[2024-12-15T04:20:08.744Z] INFO: [声音匹配] 检测到热词
[2024-12-15T04:20:08.744Z] INFO: [声音匹配] 检测到关键词: 雪豹
[2024-12-15T04:20:09.677Z] INFO: [离线识别] 雪糕
[2024-12-15T04:22:32.944Z] INFO: [声音匹配] 检测到热词
[2024-12-15T04:22:32.944Z] INFO: [声音匹配] 检测到关键词: 雪豹
[2024-12-15T04:22:34.063Z] INFO: [离线识别] 雪豹
[2024-12-15T04:22:34.063Z] INFO: [文本匹配] 检测到关键词: 雪豹
