[2024-12-15T04:47:14.322Z] INFO: 正在连接到服务器: ws://192.168.10.102:10095
[2024-12-15T04:47:14.326Z] INFO: 加载关键词: snowleopard -> assets/keywords/zh/雪豹.ppn
[2024-12-15T04:47:14.534Z] INFO: 热词检测初始化成功
[2024-12-15T04:47:14.536Z] INFO: 热词检测初始化成功
[2024-12-15T04:47:14.590Z] INFO: 关键词插件已加载
[2024-12-15T04:47:14.590Z] INFO: 插件 关键词 加载成功
[2024-12-15T04:47:14.590Z] INFO: 插件加载完成
[2024-12-15T04:47:14.591Z] INFO: 输入命令控制录音：
[2024-12-15T04:47:14.591Z] INFO: start   - 开始录音
[2024-12-15T04:47:14.591Z] INFO: stop    - 停止录音
[2024-12-15T04:47:14.591Z] INFO: reload  - 重新加载插件
[2024-12-15T04:47:14.591Z] INFO: results - 显示所有结果
[2024-12-15T04:47:14.591Z] INFO: exit    - 退出程序
[2024-12-15T04:47:14.595Z] INFO: WebSocket 连接已建立
[2024-12-15T04:47:14.596Z] INFO: 发送配置: {"chunk_size":[5,10,5],"wav_name":"realtime_recognition","is_speaking":true,"wav_format":"pcm","chunk_interval":10,"itn":true,"mode":"2pass","hotwords":"{\"snowleopard\":20,\"hello world\":40}"}
[2024-12-15T04:47:17.989Z] INFO: 开始录音...
[2024-12-15T04:47:21.976Z] INFO: [离线识别] 123 
[2024-12-15T04:47:24.742Z] INFO: [声音匹配] 检测到热词
[2024-12-15T04:47:24.742Z] INFO: [声音匹配] 检测到关键词: 雪豹
[2024-12-15T04:47:25.616Z] INFO: [离线识别] 雪豹
[2024-12-15T04:47:25.616Z] INFO: [文本匹配] 检测到关键词: 雪豹
[2024-12-15T04:47:25.617Z] INFO: [文本内容] 
[2024-12-15T04:47:33.621Z] INFO: [声音匹配] 检测到热词
[2024-12-15T04:47:33.622Z] INFO: [声音匹配] 检测到关键词: 雪豹
[2024-12-15T04:47:34.839Z] INFO: [离线识别] 。123 ，雪豹
[2024-12-15T04:47:34.839Z] INFO: [文本匹配] 检测到关键词: 雪豹
[2024-12-15T04:47:34.840Z] INFO: [文本内容] 。123 ，
[2024-12-15T04:52:16.104Z] INFO: [离线识别] yeah
[2024-12-15T04:52:36.743Z] INFO: [离线识别] 嗯
[2024-12-15T04:55:31.539Z] INFO: [离线识别] 喂喂你好啊，你说那个就是就是我那个那个
[2024-12-15T04:55:32.187Z] INFO: [离线识别] 东西
[2024-12-15T04:55:38.510Z] INFO: [离线识别] 地址错了，送到梅行村要送到贵都花园15 幢503 
[2024-12-15T04:55:40.890Z] INFO: [离线识别] ，贵贵都是是那个苏州的吗
[2024-12-15T04:55:44.739Z] INFO: [离线识别] ？就是那个贵都花园，就是那个海关那里的
[2024-12-15T04:55:46.153Z] INFO: [离线识别] 原制海关
[2024-12-15T04:55:51.798Z] INFO: [离线识别] 贵都花园15 幢503 
[2024-12-15T04:55:55.384Z] INFO: [离线识别] ，你这是是在网上买东西是吧
[2024-12-15T04:56:02.323Z] INFO: [离线识别] ？你那个你跟商家讲一下，你说这快递是不是地址搞错了
[2024-12-15T04:56:06.242Z] INFO: [离线识别] ，因为因为你那地址肯定是到不了我们站点的
[2024-12-15T04:56:06.867Z] INFO: [离线识别] 啊啊
[2024-12-15T04:56:15.570Z] INFO: [离线识别] 。好的好的，肯定是商家会他会转的，是不是不是商家会他今天他今天会再给你发一个哦哦哦
[2024-12-15T04:56:23.133Z] INFO: [离线识别] ，因为因为那个这个地址他根本就到到不了，我们站点，只只能只能是说明那个商家地址写错了，或者是单号搞错了
[2024-12-15T04:56:29.888Z] INFO: [离线识别] 。行，你联系一下商家，你你问他是不是搞错图啊啊，行好嘞啊
[2024-12-15T04:56:30.251Z] INFO: [离线识别] ，好，再见
[2024-12-15T04:58:37.106Z] INFO: [离线识别] 。报告各位表哥，最近台湾地区前线的士兵们那叫一个心酸。这几天都快变成铁打的老伙了，一名士兵抱怨到8天了，天天连轴转，啥时候能歇会？可惜他刚想打的请假条就被领导一句坚持住，还能再顶得堵回去了。前2天，警报又一次拉响导弹军舰，海警船硬是搞得真被领，大片似的全线警备。结果到了昨天，前线士兵们是真的扛不住了，不少人竟然在岗位上直接睡着了。有老兵看不下去，派醒年轻士兵小伙子别睡，这可是前线再不行，就喝口水撑住。而这时候更大的挑战来了，大陆的舰船居然真的突破了12 海里，12 海里不打，直接扎进去了。石老文之前不是豪言壮壮脸，如果大陆舰船越过12 海里，我们就开火。这话听起来气势十足，可现实咔咔打脸，事情怎么不对
[2024-12-15T04:59:37.971Z] INFO: [离线识别] ？大陆一艘舰船缓缓靠近台湾所谓的12 海里范围，台湾军方急了，开始喊话，赶紧离开，这里很危险。但大陆舰船那叫一个淡定，抬回了句，别慌，别慌，我们只是路过。然后就在台湾军方眼皮子底下，大陆的舰船不仅没停，反而直接扎到了八海里，硬是越线造了一种你打也不是不打更尴尬的境界。打了吧。当然没有蔡英文之前的那些狠话，此刻全变成了北里线的口号。台湾军方继续喊话，但我们的舰船依旧佛系台湾的小朋友不要急，我们真的只是路过。你说这画面是不是离谱？明明说好了，越12 海里就要打，可现在呢连发海里都突破了，还只是象征性喊两句话，连炮都没敢放。可网是笑，笑着调，可此刻是不是就六海里了？再下次可能直接靠岸了吧。昨天，大陆不仅军舰动动海警船船赶紧离开这里来了危险。这些海舰船在台湾岛周边
[2024-12-15T04:59:57.262Z] INFO: [声音匹配] 检测到热词
[2024-12-15T04:59:57.262Z] INFO: [声音匹配] 检测到关键词: 雪豹
[2024-12-15T05:00:38.653Z] INFO: [离线识别] 西南东部和东北方向转悠进了台湾口中的灰色区域。台湾的海巡署一听这消息，立马召集了9艘海警船跟着巡逻，结果画面变成这样，9艘大陆海警船大摇大摆的巡航，台湾的船屁颠屁颠的跟在后头不敢靠近，只能远远的监视台湾民众看的头大有人直接吐槽这9艘大陆船是去钓鱼的吗？我们这边真是杞人忧天，也有网友打趣，这是9艘船带着台湾海警巡逻。免费教学。什么叫真正的执法？面对台湾海警和美西方的急躁情绪，大陆国防部的态度非常坦然。今天上午，某西方记者提问，从6号到现在已经搞了8天了，到底什么时候行动？国防部淡定回应，你们不知道吗？行动已经开始了。这回答说的西方媒体愣一愣的，随后国防部进一步解释兵无常势，水无常形。什么意思呢？就是说我们的行动是灵活多天的，随时随地开竿没有
[2024-12-15T05:01:37.666Z] INFO: [离线识别] 固定套路，完全不给对手摸清底牌的机会。这种无声无息中出击的模式，直接打乱了美西方的节奏。网友纷纷为国防部点赞，这回答简直一针见血，但喜欢看美西方被绕的一头雾水。美国总统拜登最近可是愁的不行，本想着通过日韩等盟友围堵龙国，结果发现自己的亚洲计划全乱套了。先说韩国，韩国总统引西月，最近搞得全国惊飞走跳，传闻他甚至准备发动政变，试图通过戒严拿下军权比赛，起起38 线冲突，配合韩国亚洲制造事端。但结果呢演西越的计划惊飞走跳，反倒让韩国国内陷入混乱，民众怨声载道。再看日本和菲律宾结本那边地震，火山搞得天翻地覆。结果日本顾及其他菲菲律则则是说话再太硬。面对龙国的海警船毫无办法。至于越南印印度这个分家压根不想站队，时不时还来回横跳照灯。美国
[2024-12-15T05:02:38.241Z] INFO: [离线识别] 头疼不已，网友一语道破，拜登的计划就像打麻将刚摸了牌，结果发现桌子腿断了，连坐都坐不稳，电看围堵计划失败，拜登没招了，干脆拿起制裁大蒜。这不，前2天美国宣布要制裁龙国，说什么？龙国威胁了美国国家安全。这你知道拜登制裁了什么吗？大蒜听到这个消息，网友们纷纷笑喷大哥制裁芯片还算有点道理。你制裁大蒜是啥？操作？美国难道要全民吃无味料理，还有人调侃这招可以啊。直接让龙国农民笑开花，国际大蒜价格飙升。拜登是不是间接帮咱们创收了韩国总统引戏院最近成了全网吐槽的对象，就连韩国媒体都忍不住爆料，这位总统基本没去过办公室，整天在家喝酒。韩国媒体的描述堪称魔幻总统专车，每天按时出洞。工作人员隐瞒着脚步沾地，可总统换人吗？哦，他在家整2口
[2024-12-15T05:02:55.250Z] INFO: [声音匹配] 检测到热词
[2024-12-15T05:02:55.251Z] INFO: [声音匹配] 检测到关键词: 雪豹
[2024-12-15T05:03:38.737Z] INFO: [离线识别] ，让老郭金剑西帮忙处理国家大事。韩国网民看完报道，直接炸了感情，我们纳税养了个酒鬼。总统尹西月最近迷上了甩锅，他在国内讲话时把韩国搞得一团糟，蹋过，甩给龙国，说什么龙国干涉韩国事物，还搞得森林都没了。今天一出，全世界人民森林了，龙国搞新能源汽车和太太能怎怎么就影响韩国森林了？再说了，韩国有几片像样的森候，难不成首尔？那些街边小公园也算难，不能直接嘲讽韩国森林的事？能不能先问问气候，别老，甩锅龙国，而更离谱的是，尹西月在韩国国内讲话时说，他搞戒言是因为龙国在干涉韩国事物，而且有3名龙国人在韩国被抓，说是在窃取情报。韩国网友反应更直接，总统是不是电视剧看过了与其编故事，不如回办公室看看文件。其实韩国老百姓早就对尹西月忍无可忍了。今天上午，韩国
[2024-12-15T05:03:40.877Z] INFO: [离线识别] 大街上又是一片流行发阵，你以为他们不上班
[2024-12-15T05:04:43.121Z] INFO: [离线识别] ，他们不上班了，连工作都顾不上，直接上街游行去了。尹西月的支持率呢历史新低仅11%，犯罪率更是夸张85%，这是什么概念？假如你站在大街上，随便抓100 个人，有85 个人都会对尹西月破口大骂下台吧。假如外国人言言，假如前总统文在寅和在野党领袖李在明更是直接喊话，大哥别硬撑了，趁早退吧。和演西月，这人有意思，此将我就不下台，谁也拦不住你以为演戏市的大事，那只是开胃菜。今天上午，韩国政坛传出重磅消息，执政党内有8名议员准备倒戈。此到在野党这边这一下，尹西月月头上的乌云更更了。之前，对演西岳这谈谈只差几票。现现在如果这8位议员倒戈弹劾就妥了。尹西月下台的日子指日可待，网友们已开始预热弹劾庆祝之时候烧烤摊开起来被全韩国人民
[2024-12-15T05:05:04.057Z] INFO: [离线识别] 他免费的跑路。韩国这边一团乱，日本也不太平，日本首相石破帽，最近急得像热锅上的蚂蚁，今天直接飞美国找救兵去了，你以为他是去见拜登，错了，人家目标更高，是要见特朗普，但问题是，特朗普压根不见他。没办法，石破帽只好转头找安倍晋三的一双。安倍招会通过他给特朗普壁换石破帽的算盘，很简单，拜登靠不住，那就找特朗普撑腰美
[2024-12-15T05:06:11.912Z] INFO: [离线识别] 。可惜特朗普早就放话想谈，可以先交保护费，没钱免谈石破帽这两边讨好的姿态，让日本网友直呼，这是识破炮才是妙的库美国这边倒是没闲着。今天上午，美国国防部长劳埃德奥斯汀又跳出来警告龙国。他说，美国军方在亚洲已经部署了暗影导弹，一款超高速武器，2年内将全面列装美军两斯汀这番卦听的网友饿了直接给他起了个外号大黑驴。有人调侃大黑驴，韦斯讲话都想放烟花，想是想了真没啥杀伤力。还有人补刀暗影导弹这么牛，那咋不赶紧拿去打折扣促销引西月。现在的处境真的是内忧外患，国内民众纷纷游行，反对绿创新高。议会弹劾如渐在弦国际上，美国拜登靠不住日韩矛盾又加剧，连特朗普都嫌弃的不想搭理日本的石破报，网友纷纷阻截引新月的总统生涯
[2024-12-15T05:06:18.622Z] INFO: [离线识别] ，活生生演成了一部教科书级政治师范史。好啊，我不吃饭了，我继续去看报告。各位表哥，最近台湾不光需要多少钱，多少，要问有没有一部电影有过绿皮书？有，而且它还是中国的那就是中国最好的公路电影落叶谷
[2024-12-15T05:06:30.519Z] INFO: [离线识别] 。亲爱的保安姐姐，能不能让蒋文明懂礼貌，同时又很英俊的我亲人，你出示一下房卡，证明你在这里住就可以了，我忘带了，但我真是住在这里，不骗你
[2024-12-15T05:06:36.570Z] INFO: [离线识别] 身份证呢，我房卡都忘带了，我还能记得带身份证了吗？那你让房东联系我吧，我们这边有规定没有证件关系
[2024-12-15T05:06:37.080Z] INFO: [离线识别] ，霸气
[2024-12-15T05:06:55.734Z] INFO: [离线识别] ，这都凌晨三点了，人家睡着觉的，我咋跟人家说，你这不是为难我吗？就是大家都说没有带，我都让他们进吗？要是有业主受到伤害，财产受到损失，这个责任谁来负？哎呦，什么意思？假定我是坏人，我看起来像坏人吗
[2024-12-15T05:06:56.174Z] INFO: [离线识别] ？嗯
[2024-12-15T05:07:02.576Z] INFO: [离线识别] ，像我可是美妆博主200 多万的粉丝，一笔买卖几100000 ，上下我像坏人
[2024-12-15T05:07:15.128Z] INFO: [离线识别] ，更像我。天哪，2024 年居然还有人，因为我是个英俊的男的，就觉得我是个坏人，就歧视我，简直耐心安全
[2024-12-15T05:07:18.899Z] INFO: [离线识别] 。你是什么人？根本不配当保安罚，你不敢吧
[2024-12-15T05:07:56.269Z] INFO: [离线识别] ，你在这里为难，我没有用，里面住着好几百号人呢。有男有女有老有少，有些人是拖家带口住在里面呢？我怎么知道你会不会报复社会，会不会有传染病？万一你见人就砍呢，你要证没证要卡，没卡一句忘带了，我就让你这样。我2000000 的粉丝你眼瞎了。姐姐说一看我2000000 的粉丝都一恭毕敬的给我开门到你的账。你好使了，我第一次听说2000000 粉丝，你用
[2024-12-15T05:08:09.407Z] INFO: [离线识别] 那你让你那2000000 粉丝给你送一下卡呗。你是不是跟人耍无赖的？咱俩谁耍无赖的？我可是男孩子多么弱势，而且长得一看就人帅心善又有才华，你凭什么不让我进
[2024-12-15T05:08:09.937Z] INFO: [离线识别] ，夸一波吧
[2024-12-15T05:08:12.258Z] INFO: [离线识别] 。我告诉你，小伙子
[2024-12-15T05:09:05.901Z] INFO: [离线识别] ，别整天男孩子你¥800，好人不分，男女坏人也不分，男女少放那没用的屁，你这种又世俗又粗鄙又又又又油腻的老女人。我见多了，觉得我是个男孩子去歧视我，还是觉得我英俊就磨磨蹭蹭，不让我进门，想跟我多说会儿话呀，我就是想看你进去去又不能把我怎么样的吗？不满意吗？哼终于说实话，老东西你这种人都活不到50 岁，多活一天都是老天没眼，你怎么说话呢？我就是个看门的，人家有规定没牌儿不让进，我又没得罪你，你用得着这么跟我说话吗？你不得好死，你既到50 岁就敢我活活到50 岁，我一刀宰了你小子崽
[2024-12-15T05:09:08.492Z] INFO: [离线识别] ，蟋蟀。首先我是一个男性，男性的人生，真的好多艰难险阻
[2024-12-15T05:09:08.960Z] INFO: [离线识别] 哎
[2024-12-15T05:09:14.630Z] INFO: [离线识别] ，我要给你们看一个真实发生的全程意见。亲爱的，保安姐姐，能不能让讲文明懂礼貌，同时又很
[2024-12-15T05:09:28.192Z] INFO: [离线识别] 首先我是一个女性，其次我是一个博主。所以我觉得我找到的真相，我需要公布出来，让大家知道目前正在
[2024-12-15T05:09:36.543Z] INFO: [离线识别] 百万网红凌晨被保安一句话吓到报关。但是我那模式呢，我觉得应该打赢事情，起因是坐拥100 多万粉丝的名
[2024-12-15T05:09:37.241Z] INFO: [离线识别] 装博主喂
[2024-12-15T05:09:46.506Z] INFO: [离线识别] 发视频自述，凌晨三点回大厦名字忘记带门牌，要求保安帮忙开门，结果被局，我看你们保的怎么样啊
[2024-12-15T05:09:51.620Z] INFO: [离线识别] ？我就是想看你像我们上去的样子，你看看怎么样啊，他到晚上约约二
[2024-12-15T05:10:18.597Z] INFO: [离线识别] 保安，只有半小时。保安队长才从监控室出来，打一场解释说，错话的保安今年才25 岁，刚入职4个月吵架的时候太激动，才会口不择言。但圆圆却觉得保安能准确说出他们的才好安全。当场报官把他送进小黑屋反省诱发视频，希望借用舆论力量得到更稳妥的解决方案。评论区网友也持不同看法，一部分觉得身为业主大楼上
[2024-12-15T05:10:27.766Z] INFO: [离线识别] 听到保安说出这种话肯定害怕，但也有网友觉得圆圆只放出了部分视频，谁都不知道事情，完全经过保安，身为打工人也不想惹事，不可能上来，就对着刚进门的夜里
[2024-12-15T05:10:37.067Z] INFO: [离线识别] ，甚至还有一次知情者善意称圆圆是喝了酒，凌晨回公司情绪被放大，说保安活不过50 岁，所以小伙子才会顺着话回家
[2024-12-15T05:11:49.476Z] INFO: [离线识别] 真相如何，还是要看完整视频才能判断百万网红凌晨被保安一句话吓到报关345 大模式，直到看见2000000 博主抱不动的演艺，先诅咒保安活不到50 岁。再说保安威胁他女性安全的内容，我才意识到有些网红为了流量真的可以不得手淫。2000000 粉丝的美妆博主，他发布了一段素苦视频内容，针对他所居住的社区，物业保安，按照他的叙述，他当天凌晨三点回家，但是忘记拿电梯通行卡。他跟职业班的保安求助，他希望保安能刷卡，让他进去却遭到保安直接拒绝。不仅如此，保安还出乎意料的喊出了他的住户号码，言辞间，威胁着他的人身安全，声称要砸了他345 大模式呢，我决定一刀打了，更令人愤慨。保安领班非但为惩处，同时仅是轻描淡写的口头教训。美容博主无奈呼叫了叔叔，却同样样能令令名保安受到到影制裁裁段段频频发布后，立即收获物人人声警网，声声声声内众。针对物业公司立立刻钱更加强强居居安全的保障阴谋论论，更更是推测保安美妆博主心疼警惕，甚至至
[2024-12-15T05:12:48.754Z] INFO: [离线识别] 以警方的处理方式视频发布一日之后，媒体纷纷转载此事迅速攀升至热搜榜。然而就在热度不减的时候，那个要求保安道歉的视频却被删除了。物业公司紧接着做出回应，而网友们也从录音的的只言片语中察觉到了不合逻辑的人先诅咒保安活不到50 岁，恶意剪辑录音录像。整个视频的宗旨是为女性发生百万网红道不动的人员，被网友戏称小慧君的地图，直到那条自称受保安威胁的美妆博主悄无声息的删除了。视频时，我就知道这件事似乎峰回路转回回想事件。最开始那位保安在咆哮着，要将他置于死地之前者。在上一句句，如果我能活到50 岁，但是我到50 岁，我决定一到倒霉。听到这里，所有人都会认为是不是他先诅咒人家，活不到50 岁保安才会气愤说出这句话。再者，在同一视频中，这位保安在向叔叔辩解时，情绪明显很激动。若说美妆博主从未触怒他，然而与事实不符。再者，自始至终，保安似乎都在禁止禁止物业发生回应后，自确表示，根据公司规定，民宿客人在楼内必须要
[2024-12-15T05:13:20.419Z] INFO: [离线识别] 由民宿管家引导，才能入股。在凌晨三点的时刻，保安提议美妆博主联系管家最为合适，忘带门禁卡，让管家领路便是谁。料博主竟声称管家以睡不忍打扰他。录制的音频长达将近20min，而公开的片段。不过冰山一角当叔叔到达现场，要求他配合做笔录时啊，一方面宣称此事非同小可，另一方面却拒绝配合调查。他借题发挥，不断将事件引向女性安全的议题，实则大可不必。因为女性安全意识事关所有女性，绝不应沦为网络暴力的借口。直到看见2000000 博主暴露动力，女子与男保安的故事是这样的啊，我看你们把我怎么样啊
[2024-12-15T05:14:28.423Z] INFO: [离线识别] ，但凡是营销号在网上带节奏的必有反转。比如说瑞士卷女主，再比如小慧君，再比如今天咱们要聊的这位美妆博主晚会保安拒绝开门，并且声称呢要是我到了50 岁，我绝对一刀砍了。你确实不到，我们我觉得一刀砍不到你。12月09日凌晨的3:30左右，一位女性美博博主抱不动的。于是呢这到双都市锦江区太里里附近一个高档小区民宿宿时的发现自居然忘忘记房卡了了啊，也没有携带有效的身份证件。于是呢这个保安大叔看看能不能帮忙刷开一下门，让自己进去。但是呢这个保安大叔呢一联系高的博主才能开门，博主拒绝了干净。美博博主而干净，美妆博主呢则认为太晚了。民民管家呢睡觉了，这个联系人家呢一有可能呢人家在睡觉，根本联系不上。二，就算联系系上了，因为自己的失误呢打扰到人家半夜不能休息，有点不太好意思。于是呢，这个双方将持不下，发生了言言争执。在这个有方的过程当中呢，这个双双方挂上了保安大叔呢，在可能确实是被对方的言记录到了，日常输了。要是我到了50 岁，我绝对一刀砍了你这这种上
[2024-12-15T05:15:20.913Z] INFO: [离线识别] 头的话，其实这里呢我说一个细节啊，大家有没有想过，为什么是50 岁？现在网上呢有个梗叫做年龄越大，法抗越高。但是这个50 岁明显不是一个高法抗的年龄。所以我猜呢这个美妆大叔应该是要有孩子养给自己的规划呢。就是到了50 岁，等孩子工作了自己的这份养家的责任，也就卸下来了，也就无所顾忌了。这个题外话扯远了啊，那这个事发生以后呢，这名美妆博主就把俩人争执的这个过程啊，录好的视频放在了网上。关键是呢这名美妆博主放的是经过加工的视频，也就是说把不利于自己的内容的选择性忽略掉，利于自己的部分呢，尤其是保安对他的这个言语威胁的部分啊，他重点强调，甚至是后边上升到了女性安全层面，节奏带的飞起啊，只是没有想到啊这些网友的节奏是越来越难带很多机智的网友呢都纷纷要求请提供完整视频，并且不带评论。女主说，你好，是否马上开下门，保安说你信不信我一刀忙死你
[2024-12-15T05:15:22.434Z] INFO: [离线识别] 。这个在逻辑上呢根本无法提重。那目前呢
[2024-12-15T05:15:22.947Z] INFO: [离线识别] 喂你好
[2024-12-15T05:15:37.180Z] INFO: [离线识别] ，哎你好啊，你说呃我是益秀巷16 号小区的。我看到我的那个物流信息，说我的件在什么什么吐洗什么快散了让我有个取件码，但是这肯定是不认识那边的，呃，这肯定是放错地方了。你有有没有那个取件单号取件码
[2024-12-15T05:15:38.709Z] INFO: [离线识别] ，我有取件码的嗯，你你告诉我，我下午给你带过去
[2024-12-15T05:15:54.254Z] INFO: [离线识别] 哦，你帮我付呃，到我这个地址啊。依秀山16 号小区，就是这边华润万家东汇公园对面的，你知道吧？我知道我知道这个就是错分了，错分件儿。好，我马上给你，你不要挂啊。好
[2024-12-15T05:15:58.582Z] INFO: [离线识别] 呃，313 杠幺
[2024-12-15T05:16:02.507Z] INFO: [离线识别] 呃，在杠15001500 
[2024-12-15T05:16:05.974Z] INFO: [离线识别] 。对行向先生嗯，行好嘞
[2024-12-15T05:16:08.601Z] INFO: [离线识别] ，麻烦你啊嗯嗯，拜拜
[2024-12-15T05:18:11.827Z] INFO: [离线识别] ，现在是十分
[2024-12-15T05:18:26.604Z] INFO: [离线识别] 天气晴，一度到7°，空气质量良，现在是13:18，天气晴一度到7°
[2024-12-15T05:18:27.403Z] INFO: [离线识别] ，空气质量良
[2024-12-15T05:19:10.812Z] INFO: [离线识别] ，没有想
