[2024-12-15T04:12:02.463Z] INFO: 正在连接到服务器: ws://192.168.10.102:10095
[2024-12-15T04:12:02.467Z] INFO: 加载关键词: snowleopard -> assets/keywords/zh/雪豹.ppn
[2024-12-15T04:12:02.661Z] INFO: 热词检测初始化成功
[2024-12-15T04:12:02.664Z] INFO: 热词检测初始化成功
[2024-12-15T04:12:02.718Z] INFO: 关键词插件已加载
[2024-12-15T04:12:02.718Z] INFO: 插件 关键词 加载成功
[2024-12-15T04:12:02.718Z] INFO: 插件加载完成
[2024-12-15T04:12:02.719Z] INFO: 输入命令控制录音：
[2024-12-15T04:12:02.719Z] INFO: start   - 开始录音
[2024-12-15T04:12:02.719Z] INFO: stop    - 停止录音
[2024-12-15T04:12:02.719Z] INFO: reload  - 重新加载插件
[2024-12-15T04:12:02.719Z] INFO: results - 显示所有结果
[2024-12-15T04:12:02.720Z] INFO: exit    - 退出程序
[2024-12-15T04:12:02.722Z] INFO: WebSocket 连接已建立
[2024-12-15T04:12:02.722Z] INFO: 发送配置: {"chunk_size":[5,10,5],"wav_name":"realtime_recognition","is_speaking":true,"wav_format":"pcm","chunk_interval":10,"itn":true,"mode":"2pass","hotwords":"{\"snowleopard\":20,\"hello world\":40}"}
[2024-12-15T04:12:11.669Z] INFO: 开始录音...
[2024-12-15T04:12:16.733Z] INFO: [实时识别] 一二
[2024-12-15T04:12:17.590Z] INFO: [离线识别] 123 
[2024-12-15T04:12:17.591Z] INFO: [分段识别] 1 2 3 (3520-4105)
[2024-12-15T04:12:22.900Z] INFO: [实时识别] 一二
[2024-12-15T04:12:23.707Z] INFO: [离线识别] 123 
[2024-12-15T04:12:23.707Z] INFO: [分段识别] 1 2 3 (9570-10295)
[2024-12-15T04:12:25.409Z] INFO: [声音匹配] 检测到热词
[2024-12-15T04:12:25.409Z] INFO: [声音匹配] 检测到关键词: 雪豹
[2024-12-15T04:12:25.859Z] INFO: [实时识别] 雪
[2024-12-15T04:12:26.479Z] INFO: [离线识别] 雪豹
[2024-12-15T04:12:26.479Z] INFO: [文本匹配] 检测到关键词: 雪豹
[2024-12-15T04:12:26.479Z] INFO: [分段识别] 雪 豹 (12700-13185)
[2024-12-15T04:12:29.541Z] INFO: [实时识别] 雪
[2024-12-15T04:12:30.011Z] INFO: [离线识别] 雪豹
[2024-12-15T04:12:30.012Z] INFO: [文本匹配] 检测到关键词: 雪豹
[2024-12-15T04:12:30.012Z] INFO: [分段识别] 雪 豹 (16480-16935)
[2024-12-15T04:12:34.710Z] INFO: [声音匹配] 检测到热词
[2024-12-15T04:12:34.710Z] INFO: [声音匹配] 检测到关键词: 雪豹
[2024-12-15T04:12:35.095Z] INFO: [实时识别] 雪
[2024-12-15T04:12:35.971Z] INFO: [离线识别] 雪豹
[2024-12-15T04:12:35.971Z] INFO: [文本匹配] 检测到关键词: 雪豹
[2024-12-15T04:12:35.972Z] INFO: [分段识别] 雪 豹 (22080-22605)
