[2024-12-13T15:21:00.175Z] ERROR: 加载插件 关键词 失败: Error: Cannot find module '@picovoice/picovoice-node'
Require stack:
- D:\Documents\stt\plugins\关键词\index.ts
- D:\Documents\stt\src\core\plugin-loader.ts
- D:\Documents\stt\src\core\framework.ts
- D:\Documents\stt\src\index.ts
    at Function.Module._resolveFilename (node:internal/modules/cjs/loader:1145:15)
    at Function.Module._resolveFilename.sharedData.moduleResolveFilenameHook.installedValue [as _resolveFilename] (D:\Documents\stt\node_modules\@cspotcode\source-map-support\source-map-support.js:811:30)
    at Function.Module._load (node:internal/modules/cjs/loader:986:27)
    at Module.require (node:internal/modules/cjs/loader:1233:19)
    at require (node:internal/modules/helpers:179:18)
    at Object.<anonymous> (D:\Documents\stt\plugins\关键词\index.ts:4:1)
    at Module._compile (node:internal/modules/cjs/loader:1358:14)
    at Module.m._compile (D:\Documents\stt\node_modules\ts-node\src\index.ts:1618:23)
    at Module._extensions..js (node:internal/modules/cjs/loader:1416:10)
    at Object.require.extensions.<computed> [as .ts] (D:\Documents\stt\node_modules\ts-node\src\index.ts:1621:12) {
  code: 'MODULE_NOT_FOUND',
  requireStack: [
    'D:\\Documents\\stt\\plugins\\关键词\\index.ts',
    'D:\\Documents\\stt\\src\\core\\plugin-loader.ts',
    'D:\\Documents\\stt\\src\\core\\framework.ts',
    'D:\\Documents\\stt\\src\\index.ts'
  ]
}
[2024-12-13T15:21:00.187Z] INFO: 输入命令控制录音：
[2024-12-13T15:21:00.187Z] INFO: start   - 开始录音
[2024-12-13T15:21:00.187Z] INFO: stop    - 停止录音
[2024-12-13T15:21:00.187Z] INFO: reload  - 重新加载插件
[2024-12-13T15:21:00.187Z] INFO: results - 显示所有结果
[2024-12-13T15:21:00.187Z] INFO: exit    - 退出程序
[2024-12-13T15:21:00.190Z] INFO: WebSocket 连接已建立
