[2024-12-15T04:00:10.765Z] INFO: 正在连接到服务器: ws://192.168.10.102:10095
[2024-12-15T04:00:10.769Z] INFO: 加载关键词: snowleopard -> assets/keywords/zh/雪豹.ppn
[2024-12-15T04:00:10.992Z] INFO: 热词检测初始化成功
[2024-12-15T04:00:10.995Z] INFO: 热词检测初始化成功
[2024-12-15T04:00:11.060Z] INFO: 关键词插件已加载
[2024-12-15T04:00:11.060Z] INFO: 插件 关键词 加载成功
[2024-12-15T04:00:11.061Z] INFO: 插件加载完成
[2024-12-15T04:00:11.062Z] INFO: 输入命令控制录音：
[2024-12-15T04:00:11.062Z] INFO: start   - 开始录音
[2024-12-15T04:00:11.062Z] INFO: stop    - 停止录音
[2024-12-15T04:00:11.062Z] INFO: reload  - 重新加载插件
[2024-12-15T04:00:11.062Z] INFO: results - 显示所有结果
[2024-12-15T04:00:11.063Z] INFO: exit    - 退出程序
[2024-12-15T04:00:11.065Z] INFO: WebSocket 连接已建立
[2024-12-15T04:00:15.770Z] INFO: 开始录音...
[2024-12-15T04:00:15.970Z] INFO: WebSocket 连接已关闭: { code: 1006, reason: <Buffer >, wasClean: false }
[2024-12-15T04:00:15.972Z] INFO: 尝试重新连接 (1/5)...
[2024-12-15T04:00:17.976Z] INFO: 正在连接到服务器: ws://192.168.10.102:10095
[2024-12-15T04:00:20.008Z] ERROR: WebSocket 错误: {
  message: 'connect ECONNREFUSED 192.168.10.102:10095',
  code: 'ECONNREFUSED',
  address: '192.168.10.102',
  port: 10095
}
[2024-12-15T04:00:20.010Z] INFO: WebSocket 连接已关闭: { code: 1006, reason: <Buffer >, wasClean: false }
[2024-12-15T04:00:20.011Z] INFO: 尝试重新连接 (2/5)...
[2024-12-15T04:00:22.022Z] INFO: 正在连接到服务器: ws://192.168.10.102:10095
