[2024-12-16T10:12:43.946Z] INFO: 正在连接到服务器: ws://192.168.10.102:10095
[2024-12-16T10:12:43.949Z] INFO: 加载关键词: snowleopard -> D:\Documents\stt\assets\keywords\zh\雪豹.ppn
[2024-12-16T10:12:43.949Z] INFO: 使用模型文件: D:\Documents\stt\assets\models\porcupine_params_zh.pv
[2024-12-16T10:12:44.155Z] INFO: 热词检测初始化成功
[2024-12-16T10:12:44.158Z] INFO: 热词检测初始化成功
[2024-12-16T10:12:44.214Z] INFO: 关键词插件已加载
[2024-12-16T10:12:44.214Z] INFO: 插件 关键词 加载成功
[2024-12-16T10:12:44.214Z] INFO: 插件加载完成
[2024-12-16T10:12:44.214Z] INFO: 输入命令控制录音：
[2024-12-16T10:12:44.215Z] INFO: start   - 开始录音
[2024-12-16T10:12:44.215Z] INFO: stop    - 停止录音
[2024-12-16T10:12:44.215Z] INFO: reload  - 重新加载插件
[2024-12-16T10:12:44.215Z] INFO: results - 显示所有结果
[2024-12-16T10:12:44.215Z] INFO: exit    - 退出程序
[2024-12-16T10:12:44.219Z] INFO: WebSocket 连接已建立
[2024-12-16T10:12:44.220Z] INFO: 发送配置: {"chunk_size":[5,10,5],"wav_name":"realtime_recognition","is_speaking":true,"wav_format":"pcm","chunk_interval":10,"itn":true,"mode":"2pass","hotwords":"{\"雪豹\":20,\"hello world\":40}"}
[2024-12-16T10:12:49.476Z] INFO: 开始录音...
[2024-12-16T10:12:52.929Z] INFO: [离线识别] 你好
[2024-12-16T10:12:56.808Z] INFO: [离线识别]  hellohello
[2024-12-16T10:12:59.587Z] INFO: [声音匹配] 检测到热词
[2024-12-16T10:12:59.588Z] INFO: [声音匹配] 检测到关键词: 雪豹
[2024-12-16T10:13:00.274Z] INFO: [离线识别] 豹
[2024-12-16T10:13:04.979Z] INFO: [离线识别] ，雪豹
[2024-12-16T10:13:04.979Z] INFO: [文本匹配] 检测到关键词: 雪豹
[2024-12-16T10:13:04.980Z] INFO: [文本内容] ，
[2024-12-16T10:13:09.285Z] INFO: [离线识别] ，媳妇
[2024-12-16T10:13:12.556Z] INFO: [声音匹配] 检测到热词
[2024-12-16T10:13:12.557Z] INFO: [声音匹配] 检测到关键词: 雪豹
[2024-12-16T10:13:13.431Z] INFO: [离线识别] ，雪豹
[2024-12-16T10:13:13.431Z] INFO: [文本匹配] 检测到关键词: 雪豹
[2024-12-16T10:13:13.432Z] INFO: [文本内容] ，
[2024-12-16T10:13:17.757Z] INFO: [声音匹配] 检测到热词
[2024-12-16T10:13:17.757Z] INFO: [声音匹配] 检测到关键词: 雪豹
[2024-12-16T10:13:18.617Z] INFO: [离线识别] 雪豹
[2024-12-16T10:13:18.617Z] INFO: [文本匹配] 检测到关键词: 雪豹
[2024-12-16T10:13:18.617Z] INFO: [文本内容] 
[2024-12-16T10:13:23.307Z] INFO: [声音匹配] 检测到热词
[2024-12-16T10:13:23.307Z] INFO: [声音匹配] 检测到关键词: 雪豹
[2024-12-16T10:13:24.489Z] INFO: [离线识别] 雪豹
[2024-12-16T10:13:24.489Z] INFO: [文本匹配] 检测到关键词: 雪豹
[2024-12-16T10:13:24.490Z] INFO: [文本内容] 
[2024-12-16T10:13:28.736Z] INFO: [离线识别] 。你好。你好
[2024-12-16T10:13:31.247Z] INFO: [声音匹配] 检测到热词
[2024-12-16T10:13:31.247Z] INFO: [声音匹配] 检测到关键词: 雪豹
[2024-12-16T10:13:32.238Z] INFO: [离线识别] 你好，雪豹
[2024-12-16T10:13:32.238Z] INFO: [文本匹配] 检测到关键词: 雪豹
[2024-12-16T10:13:32.238Z] INFO: [文本内容] 你好，
[2024-12-16T10:13:42.118Z] INFO: [离线识别] 。你好，雪豹
[2024-12-16T10:13:42.118Z] INFO: [文本匹配] 检测到关键词: 雪豹
[2024-12-16T10:13:42.118Z] INFO: [文本内容] 。你好，
[2024-12-16T10:13:47.877Z] INFO: [声音匹配] 检测到热词
[2024-12-16T10:13:47.878Z] INFO: [声音匹配] 检测到关键词: 雪豹
[2024-12-16T10:13:48.772Z] INFO: [离线识别] 。你好，雪豹
[2024-12-16T10:13:48.772Z] INFO: [文本匹配] 检测到关键词: 雪豹
[2024-12-16T10:13:48.772Z] INFO: [文本内容] 。你好，
[2024-12-16T10:13:55.897Z] INFO: [声音匹配] 检测到热词
[2024-12-16T10:13:55.897Z] INFO: [声音匹配] 检测到关键词: 雪豹
[2024-12-16T10:13:57.251Z] INFO: [离线识别] 。你好，雪豹
[2024-12-16T10:13:57.251Z] INFO: [文本匹配] 检测到关键词: 雪豹
[2024-12-16T10:13:57.251Z] INFO: [文本内容] 。你好，
