[2024-12-13T14:59:51.041Z] ERROR: Porcupine åˆå§‹åŒ–å¤±è´¥: PorcupineInvalidArgumentError: File not found at 'modelPath': 16000
    at new Porcupine (D:\Documents\stt\node_modules\@picovoice\porcupine-node\src\porcupine.ts:117:13)
    at KeywordPlugin.onLoad (D:\Documents\stt\plugins\å…³é”®è¯\index.ts:19:24)
    at PluginLoader.loadPlugin (D:\Documents\stt\src\core\plugin-loader.ts:34:22)
    at PluginLoader.loadPlugins (D:\Documents\stt\src\core\plugin-loader.ts:14:18)
    at VoiceRecognitionFramework.initialize (D:\Documents\stt\src\core\framework.ts:18:29)
    at main (D:\Documents\stt\src\index.ts:14:19)
    at Object.<anonymous> (D:\Documents\stt\src\index.ts:48:1)
    at Module._compile (node:internal/modules/cjs/loader:1358:14)
    at Module.m._compile (D:\Documents\stt\node_modules\ts-node\src\index.ts:1618:23)
    at Module._extensions..js (node:internal/modules/cjs/loader:1416:10) {
  _message: "File not found at 'modelPath': 16000",
  _messageStack: []
}
[2024-12-13T14:59:51.052Z] INFO: æ’ä»¶ å…³é”®è¯ åŠ è½½æˆåŠŸ
[2024-12-13T14:59:51.053Z] INFO: è¾“å…¥å‘½ä»¤æ§åˆ¶å½•éŸ³ï¼š
[2024-12-13T14:59:51.053Z] INFO: start   - å¼€å§‹å½•éŸ³
[2024-12-13T14:59:51.054Z] INFO: stop    - åœæ­¢å½•éŸ³
[2024-12-13T14:59:51.054Z] INFO: reload  - é‡æ–°åŠ è½½æ’ä»¶
[2024-12-13T14:59:51.054Z] INFO: results - æ˜¾ç¤ºæ‰€æœ‰ç»“æœ
[2024-12-13T14:59:51.054Z] INFO: exit    - é€€å‡ºç¨‹åº
[2024-12-13T14:59:51.056Z] INFO: WebSocket è¿æ¥å·²å»ºç«‹
[2024-12-13T15:01:25.693Z] INFO: æ£€æµ‹åˆ°æ’ä»¶ å…³é”®è¯ å˜æ›´ï¼Œæ­£åœ¨é‡æ–°åŠ è½½...
[2024-12-13T15:01:25.695Z] INFO: å…³é”®è¯æ’ä»¶å·²å¸è½½
[2024-12-13T15:01:25.758Z] ERROR: åŠ è½½æ’ä»¶ å…³é”®è¯ å¤±è´¥: [96mplugins/å…³é”®è¯/index.ts[0m:[93m41[0m:[93m9[0m - [91merror[0m[90m TS2345: [0mArgument of type '{ modelPath: string; built_in_keywords: never[]; custom_keywords: string[]; }' is not assignable to parameter of type 'string'.

[7m 41[0m         {
[7m   [0m [91m        ~[0m
[7m 42[0m           modelPath: this.modelPath,
[7m   [0m [91m~~~~~~~~~~~~~~~~~~~~~~~~~~~~~~~~~~~~[0m
[7m...[0m 
[7m 44[0m           custom_keywords: ['é›ªè±¹']
[7m   [0m [91m~~~~~~~~~~~~~~~~~~~~~~~~~~~~~~~~~[0m
[7m 45[0m         }
[7m   [0m [91m~~~~~~~~~[0m

[2024-12-13T15:01:25.761Z] INFO: æ£€æµ‹åˆ°æ’ä»¶ å…³é”®è¯ å˜æ›´ï¼Œæ­£åœ¨é‡æ–°åŠ è½½...
[2024-12-13T15:01:25.761Z] INFO: å…³é”®è¯æ’ä»¶å·²å¸è½½
[2024-12-13T15:01:25.765Z] ERROR: åŠ è½½æ’ä»¶ å…³é”®è¯ å¤±è´¥: [96mplugins/å…³é”®è¯/index.ts[0m:[93m41[0m:[93m9[0m - [91merror[0m[90m TS2345: [0mArgument of type '{ modelPath: string; built_in_keywords: never[]; custom_keywords: string[]; }' is not assignable to parameter of type 'string'.

[7m 41[0m         {
[7m   [0m [91m        ~[0m
[7m 42[0m           modelPath: this.modelPath,
[7m   [0m [91m~~~~~~~~~~~~~~~~~~~~~~~~~~~~~~~~~~~~[0m
[7m...[0m 
[7m 44[0m           custom_keywords: ['é›ªè±¹']
[7m   [0m [91m~~~~~~~~~~~~~~~~~~~~~~~~~~~~~~~~~[0m
[7m 45[0m         }
[7m   [0m [91m~~~~~~~~~[0m

[2024-12-13T15:01:25.769Z] INFO: æ£€æµ‹åˆ°æ’ä»¶ å…³é”®è¯ å˜æ›´ï¼Œæ­£åœ¨é‡æ–°åŠ è½½...
[2024-12-13T15:01:25.769Z] INFO: å…³é”®è¯æ’ä»¶å·²å¸è½½
[2024-12-13T15:01:25.774Z] ERROR: åŠ è½½æ’ä»¶ å…³é”®è¯ å¤±è´¥: [96mplugins/å…³é”®è¯/index.ts[0m:[93m41[0m:[93m9[0m - [91merror[0m[90m TS2345: [0mArgument of type '{ modelPath: string; built_in_keywords: never[]; custom_keywords: string[]; }' is not assignable to parameter of type 'string'.

[7m 41[0m         {
[7m   [0m [91m        ~[0m
[7m 42[0m           modelPath: this.modelPath,
[7m   [0m [91m~~~~~~~~~~~~~~~~~~~~~~~~~~~~~~~~~~~~[0m
[7m...[0m 
[7m 44[0m           custom_keywords: ['é›ªè±¹']
[7m   [0m [91m~~~~~~~~~~~~~~~~~~~~~~~~~~~~~~~~~[0m
[7m 45[0m         }
[7m   [0m [91m~~~~~~~~~[0m

[2024-12-13T15:01:25.775Z] INFO: æ£€æµ‹åˆ°æ’ä»¶ å…³é”®è¯ å˜æ›´ï¼Œæ­£åœ¨é‡æ–°åŠ è½½...
[2024-12-13T15:01:25.775Z] INFO: å…³é”®è¯æ’ä»¶å·²å¸è½½
[2024-12-13T15:01:25.778Z] ERROR: åŠ è½½æ’ä»¶ å…³é”®è¯ å¤±è´¥: [96mplugins/å…³é”®è¯/index.ts[0m:[93m41[0m:[93m9[0m - [91merror[0m[90m TS2345: [0mArgument of type '{ modelPath: string; built_in_keywords: never[]; custom_keywords: string[]; }' is not assignable to parameter of type 'string'.

[7m 41[0m         {
[7m   [0m [91m        ~[0m
[7m 42[0m           modelPath: this.modelPath,
[7m   [0m [91m~~~~~~~~~~~~~~~~~~~~~~~~~~~~~~~~~~~~[0m
[7m...[0m 
[7m 44[0m           custom_keywords: ['é›ªè±¹']
[7m   [0m [91m~~~~~~~~~~~~~~~~~~~~~~~~~~~~~~~~~[0m
[7m 45[0m         }
[7m   [0m [91m~~~~~~~~~[0m

