[2024-12-13T14:58:10.827Z] ERROR: Porcupine 初始化失败: PorcupineInvalidArgumentError: File not found at 'modelPath': 16000
    at new Porcupine (D:\Documents\stt\node_modules\@picovoice\porcupine-node\src\porcupine.ts:117:13)
    at KeywordPlugin.onLoad (D:\Documents\stt\plugins\关键词\index.ts:19:24)
    at PluginLoader.loadPlugin (D:\Documents\stt\src\core\plugin-loader.ts:34:22)
    at PluginLoader.loadPlugins (D:\Documents\stt\src\core\plugin-loader.ts:14:18)
    at VoiceRecognitionFramework.initialize (D:\Documents\stt\src\core\framework.ts:18:29)
    at main (D:\Documents\stt\src\index.ts:14:19)
    at Object.<anonymous> (D:\Documents\stt\src\index.ts:48:1)
    at Module._compile (node:internal/modules/cjs/loader:1358:14)
    at Module.m._compile (D:\Documents\stt\node_modules\ts-node\src\index.ts:1618:23)
    at Module._extensions..js (node:internal/modules/cjs/loader:1416:10) {
  _message: "File not found at 'modelPath': 16000",
  _messageStack: []
}
[2024-12-13T14:58:10.841Z] INFO: 插件 关键词 加载成功
[2024-12-13T14:58:10.842Z] INFO: 输入命令控制录音：
[2024-12-13T14:58:10.842Z] INFO: start   - 开始录音
[2024-12-13T14:58:10.842Z] INFO: stop    - 停止录音
[2024-12-13T14:58:10.843Z] INFO: reload  - 重新加载插件
[2024-12-13T14:58:10.843Z] INFO: results - 显示所有结果
[2024-12-13T14:58:10.843Z] INFO: exit    - 退出程序
[2024-12-13T14:58:10.846Z] INFO: WebSocket 连接已建立
[2024-12-13T14:58:37.084Z] INFO: 开始录音...
[2024-12-13T14:58:41.475Z] INFO: 识别文本: 123 
[2024-12-13T14:58:49.941Z] INFO: 识别文本: 喀纳斯
[2024-12-13T14:58:54.040Z] INFO: 识别文本: 喀纳斯地士
