[2024-12-13T16:12:58.533Z] INFO: 使用服务器地址: ws://192.168.10.102:10095
[2024-12-13T16:12:58.534Z] INFO: 正在连接到服务器: ws://192.168.10.102:10095
[2024-12-13T16:12:58.620Z] ERROR: Porcupine 初始化失败: PorcupineInvalidArgumentError: File not found at 'modelPath': [object Object]
    at new Porcupine (D:\Documents\stt\node_modules\@picovoice\porcupine-node\src\porcupine.ts:117:13)
    at Object.onLoad (D:\Documents\stt\plugins\关键词\index.ts:79:32)
    at PluginSystem.loadPlugin (D:\Documents\stt\src\core\plugin-system.ts:10:22)
    at VoiceRecognitionFramework.loadPlugins (D:\Documents\stt\src\core\framework.ts:32:33)
    at VoiceRecognitionFramework.initialize (D:\Documents\stt\src\core\framework.ts:23:16)
    at main (D:\Documents\stt\src\index.ts:14:19)
    at Object.<anonymous> (D:\Documents\stt\src\index.ts:48:1)
    at Module._compile (node:internal/modules/cjs/loader:1358:14)
    at Module.m._compile (D:\Documents\stt\node_modules\ts-node\src\index.ts:1618:23)
    at Module._extensions..js (node:internal/modules/cjs/loader:1416:10) {
  _message: "File not found at 'modelPath': [object Object]",
  _messageStack: []
}
[2024-12-13T16:12:58.629Z] ERROR: 错误详情: {
  message: "File not found at 'modelPath': [object Object]",
  stack: "Error: File not found at 'modelPath': [object Object]\n" +
    '    at new Porcupine (D:\\Documents\\stt\\node_modules\\@picovoice\\porcupine-node\\src\\porcupine.ts:117:13)\n' +
    '    at Object.onLoad (D:\\Documents\\stt\\plugins\\关键词\\index.ts:79:32)\n' +
    '    at PluginSystem.loadPlugin (D:\\Documents\\stt\\src\\core\\plugin-system.ts:10:22)\n' +
    '    at VoiceRecognitionFramework.loadPlugins (D:\\Documents\\stt\\src\\core\\framework.ts:32:33)\n' +
    '    at VoiceRecognitionFramework.initialize (D:\\Documents\\stt\\src\\core\\framework.ts:23:16)\n' +
    '    at main (D:\\Documents\\stt\\src\\index.ts:14:19)\n' +
    '    at Object.<anonymous> (D:\\Documents\\stt\\src\\index.ts:48:1)\n' +
    '    at Module._compile (node:internal/modules/cjs/loader:1358:14)\n' +
    '    at Module.m._compile (D:\\Documents\\stt\\node_modules\\ts-node\\src\\index.ts:1618:23)\n' +
    '    at Module._extensions..js (node:internal/modules/cjs/loader:1416:10)',
  modelPath: 'D:\\Documents\\stt\\plugins\\关键词\\porcupine_params_zh.pv'
}
[2024-12-13T16:12:58.632Z] INFO: 插件 关键词 加载成功
[2024-12-13T16:12:58.633Z] INFO: 输入命令控制录音：
[2024-12-13T16:12:58.633Z] INFO: start   - 开始录音
[2024-12-13T16:12:58.633Z] INFO: stop    - 停止录音
[2024-12-13T16:12:58.633Z] INFO: reload  - 重新加载插件
[2024-12-13T16:12:58.633Z] INFO: results - 显示所有结果
[2024-12-13T16:12:58.633Z] INFO: exit    - 退出程序
[2024-12-13T16:12:58.636Z] INFO: WebSocket 连接已建立
[2024-12-13T16:13:11.280Z] INFO: 开始录音...
[2024-12-13T16:13:14.556Z] INFO: 识别文本: 雪豹
[2024-12-13T16:13:14.557Z] INFO: [文本匹配] 检测到关键词: 雪豹
[2024-12-13T16:13:18.029Z] INFO: 识别文本: 雪豹
[2024-12-13T16:13:18.029Z] INFO: [文本匹配] 检测到关键词: 雪豹
[2024-12-13T16:16:40.628Z] INFO: 识别文本: ，你要拉屎吗
[2024-12-13T16:16:49.792Z] INFO: 识别文本: ？别尿啊，要拉屎就去拉
[2024-12-13T16:16:54.628Z] INFO: 识别文本: ，去
[2024-12-13T16:21:15.046Z] INFO: 识别文本: ，我靠，12:30了吗
