[2024-12-15T03:51:08.444Z] INFO: 正在连接到服务器: ws://192.168.10.102:10095
[2024-12-15T03:51:08.447Z] INFO: 加载关键词: snowleopard -> assets/keywords/zh/雪豹.ppn
[2024-12-15T03:51:08.643Z] INFO: 热词检测初始化成功
[2024-12-15T03:51:08.645Z] INFO: 热词检测初始化成功
[2024-12-15T03:51:08.695Z] INFO: 关键词插件已加载
[2024-12-15T03:51:08.695Z] INFO: 插件 关键词 加载成功
[2024-12-15T03:51:08.696Z] INFO: 插件加载完成
[2024-12-15T03:51:08.696Z] INFO: 输入命令控制录音：
[2024-12-15T03:51:08.696Z] INFO: start   - 开始录音
[2024-12-15T03:51:08.696Z] INFO: stop    - 停止录音
[2024-12-15T03:51:08.696Z] INFO: reload  - 重新加载插件
[2024-12-15T03:51:08.696Z] INFO: results - 显示所有结果
[2024-12-15T03:51:08.697Z] INFO: exit    - 退出程序
[2024-12-15T03:51:08.699Z] INFO: WebSocket 连接已建立
[2024-12-15T03:51:12.782Z] INFO: WebSocket 连接已关闭
[2024-12-15T03:51:17.819Z] INFO: 开始录音...
[2024-12-15T03:51:20.904Z] INFO: [声音匹配] 检测到热词
[2024-12-15T03:51:20.905Z] INFO: [声音匹配] 检测到关键词: 雪豹
[2024-12-15T03:51:24.914Z] INFO: [声音匹配] 检测到热词
[2024-12-15T03:51:24.915Z] INFO: [声音匹配] 检测到关键词: 雪豹
[2024-12-15T03:51:26.964Z] INFO: [声音匹配] 检测到热词
[2024-12-15T03:51:26.965Z] INFO: [声音匹配] 检测到关键词: 雪豹
[2024-12-15T03:51:33.455Z] INFO: [声音匹配] 检测到热词
[2024-12-15T03:51:33.455Z] INFO: [声音匹配] 检测到关键词: 雪豹
[2024-12-15T03:51:36.185Z] INFO: [声音匹配] 检测到热词
[2024-12-15T03:51:36.185Z] INFO: [声音匹配] 检测到关键词: 雪豹
[2024-12-15T03:51:38.655Z] INFO: [声音匹配] 检测到热词
[2024-12-15T03:51:38.655Z] INFO: [声音匹配] 检测到关键词: 雪豹
