[2024-12-15T03:58:28.710Z] INFO: 正在连接到服务器: ws://192.168.10.102:10095
[2024-12-15T03:58:28.714Z] INFO: 加载关键词: snowleopard -> assets/keywords/zh/雪豹.ppn
[2024-12-15T03:58:28.915Z] INFO: 热词检测初始化成功
[2024-12-15T03:58:28.917Z] INFO: 热词检测初始化成功
[2024-12-15T03:58:28.968Z] INFO: 关键词插件已加载
[2024-12-15T03:58:28.968Z] INFO: 插件 关键词 加载成功
[2024-12-15T03:58:28.968Z] INFO: 插件加载完成
[2024-12-15T03:58:28.969Z] INFO: 输入命令控制录音：
[2024-12-15T03:58:28.969Z] INFO: start   - 开始录音
[2024-12-15T03:58:28.969Z] INFO: stop    - 停止录音
[2024-12-15T03:58:28.969Z] INFO: reload  - 重新加载插件
[2024-12-15T03:58:28.969Z] INFO: results - 显示所有结果
[2024-12-15T03:58:28.969Z] INFO: exit    - 退出程序
[2024-12-15T03:58:28.972Z] INFO: WebSocket 连接已建立
[2024-12-15T03:58:33.776Z] INFO: WebSocket 连接已关闭 [1006]: 
[2024-12-15T03:58:33.776Z] INFO: 尝试重新连接 (1/5)...
[2024-12-15T03:58:35.785Z] INFO: 正在连接到服务器: ws://192.168.10.102:10095
[2024-12-15T03:58:37.332Z] INFO: 开始录音...
[2024-12-15T03:58:37.821Z] ERROR: WebSocket 错误: Error: connect ECONNREFUSED 192.168.10.102:10095
    at TCPConnectWrap.afterConnect [as oncomplete] (node:net:1607:16) {
  errno: -4078,
  code: 'ECONNREFUSED',
  syscall: 'connect',
  address: '192.168.10.102',
  port: 10095
}
[2024-12-15T03:58:37.823Z] ERROR: 错误代码: ECONNREFUSED
[2024-12-15T03:58:37.823Z] INFO: WebSocket 连接已关闭 [1006]: 
[2024-12-15T03:58:37.823Z] INFO: 尝试重新连接 (2/5)...
[2024-12-15T03:58:39.832Z] INFO: 正在连接到服务器: ws://192.168.10.102:10095
