[2024-12-15T03:47:47.406Z] INFO: 正在连接到服务器: ws://192.168.10.102:10095
[2024-12-15T03:47:47.410Z] INFO: 加载关键词: snowleopard -> assets/keywords/zh/雪豹.ppn
[2024-12-15T03:47:48.680Z] INFO: 热词检测初始化成功
[2024-12-15T03:47:48.682Z] INFO: 热词检测初始化成功
[2024-12-15T03:47:48.682Z] ERROR: 插件 关键词 加载失败: Error: Cannot find module '../../plugins/关键词'
Require stack:
- D:\Documents\stt\src\core\plugin-system.ts
- D:\Documents\stt\src\core\framework.ts
- D:\Documents\stt\src\index.ts
    at Function.Module._resolveFilename (node:internal/modules/cjs/loader:1145:15)
    at Function.Module._resolveFilename.sharedData.moduleResolveFilenameHook.installedValue [as _resolveFilename] (D:\Documents\stt\node_modules\@cspotcode\source-map-support\source-map-support.js:811:30)
    at Function.Module._load (node:internal/modules/cjs/loader:986:27)
    at Module.require (node:internal/modules/cjs/loader:1233:19)
    at require (node:internal/modules/helpers:179:18)
    at PluginSystem.loadPlugin (D:\Documents\stt\src\core\plugin-system.ts:14:22)
    at VoiceRecognitionFramework.loadPlugins (D:\Documents\stt\src\core\framework.ts:91:33)
    at VoiceRecognitionFramework.initialize (D:\Documents\stt\src\core\framework.ts:76:18)
    at processTicksAndRejections (node:internal/process/task_queues:95:5)
    at async main (D:\Documents\stt\src\index.ts:11:5) {
  code: 'MODULE_NOT_FOUND',
  requireStack: [
    'D:\\Documents\\stt\\src\\core\\plugin-system.ts',
    'D:\\Documents\\stt\\src\\core\\framework.ts',
    'D:\\Documents\\stt\\src\\index.ts'
  ]
}
[2024-12-15T03:47:48.690Z] INFO: 插件加载完成
[2024-12-15T03:47:48.691Z] INFO: 输入命令控制录音：
[2024-12-15T03:47:48.691Z] INFO: start   - 开始录音
[2024-12-15T03:47:48.691Z] INFO: stop    - 停止录音
[2024-12-15T03:47:48.691Z] INFO: reload  - 重新加载插件
[2024-12-15T03:47:48.691Z] INFO: results - 显示所有结果
[2024-12-15T03:47:48.691Z] INFO: exit    - 退出程序
[2024-12-15T03:47:48.694Z] INFO: WebSocket 连接已建立
[2024-12-15T03:47:53.796Z] INFO: WebSocket 连接已关闭
[2024-12-15T03:48:00.268Z] INFO: 开始录音...
[2024-12-15T03:48:08.894Z] INFO: [声音匹配] 检测到热词
[2024-12-15T03:48:12.814Z] INFO: [声音匹配] 检测到热词
[2024-12-15T03:48:14.954Z] INFO: [声音匹配] 检测到热词
[2024-12-15T03:48:19.555Z] INFO: [声音匹配] 检测到热词
[2024-12-15T03:48:22.545Z] INFO: [声音匹配] 检测到热词
[2024-12-15T03:48:27.415Z] INFO: [声音匹配] 检测到热词
[2024-12-15T03:48:31.074Z] INFO: [声音匹配] 检测到热词
[2024-12-15T03:48:35.346Z] INFO: [声音匹配] 检测到热词
[2024-12-15T03:48:43.865Z] INFO: [声音匹配] 检测到热词
