[2024-12-13T16:03:24.736Z] INFO: 使用服务器地址: ws://192.168.10.102:10095
[2024-12-13T16:03:24.737Z] INFO: 正在连接到服务器: ws://192.168.10.102:10095
[2024-12-13T16:03:24.826Z] ERROR: Porcupine 初始化失败: PorcupineInvalidArgumentError: Porcupine failed to initialize: 
  [0] Keyword file (.ppn) and model file (.pv) should belong to the same language. File belongs to `zh` while model file (.pv) belongs to `en`.
    at pvStatusToException (D:\Documents\stt\node_modules\@picovoice\porcupine-node\src\errors.ts:68:13)
    at Porcupine.handlePvStatus (D:\Documents\stt\node_modules\@picovoice\porcupine-node\src\porcupine.ts:259:26)
    at new Porcupine (D:\Documents\stt\node_modules\@picovoice\porcupine-node\src\porcupine.ts:154:12)
    at Object.onLoad (D:\Documents\stt\plugins\关键词\index.ts:75:32)
    at PluginSystem.loadPlugin (D:\Documents\stt\src\core\plugin-system.ts:10:22)
    at VoiceRecognitionFramework.loadPlugins (D:\Documents\stt\src\core\framework.ts:32:33)
    at VoiceRecognitionFramework.initialize (D:\Documents\stt\src\core\framework.ts:23:16)
    at main (D:\Documents\stt\src\index.ts:14:19)
    at Object.<anonymous> (D:\Documents\stt\src\index.ts:48:1)
    at Module._compile (node:internal/modules/cjs/loader:1358:14) {
  _message: 'Porcupine failed to initialize',
  _messageStack: [
    'Keyword file (.ppn) and model file (.pv) should belong to the same language. File belongs to `zh` while model file (.pv) belongs to `en`.'
  ]
}
[2024-12-13T16:03:24.835Z] INFO: 插件 关键词 加载成功
[2024-12-13T16:03:24.836Z] INFO: 输入命令控制录音：
[2024-12-13T16:03:24.836Z] INFO: start   - 开始录音
[2024-12-13T16:03:24.836Z] INFO: stop    - 停止录音
[2024-12-13T16:03:24.836Z] INFO: reload  - 重新加载插件
[2024-12-13T16:03:24.836Z] INFO: results - 显示所有结果
[2024-12-13T16:03:24.837Z] INFO: exit    - 退出程序
[2024-12-13T16:03:24.839Z] INFO: WebSocket 连接已建立
[2024-12-13T16:05:28.991Z] INFO: 开始录音...
[2024-12-13T16:05:32.753Z] INFO: 识别文本: 喂喂
[2024-12-13T16:05:36.313Z] INFO: 识别文本: hello
[2024-12-13T16:05:41.775Z] INFO: 识别文本: ，雪豹
[2024-12-13T16:05:41.775Z] INFO: [文本匹配] 检测到关键词: 雪豹
[2024-12-13T16:05:46.534Z] INFO: 识别文本: 雪豹雪豹
[2024-12-13T16:05:46.535Z] INFO: [文本匹配] 检测到关键词: 雪豹
[2024-12-13T16:06:29.108Z] INFO: 识别文本: 嗯
