[2024-12-15T05:31:47.918Z] INFO: 正在连接到服务器: ws://192.168.10.102:10095
[2024-12-15T05:31:47.922Z] INFO: 加载关键词: snowleopard -> D:\Documents\stt\assets\keywords\zh\雪豹.ppn
[2024-12-15T05:31:47.922Z] INFO: 使用模型文件: D:\Documents\stt\assets\models\porcupine_params_zh.pv
[2024-12-15T05:31:48.123Z] INFO: 热词检测初始化成功
[2024-12-15T05:31:48.125Z] INFO: 热词检测初始化成功
[2024-12-15T05:31:48.180Z] INFO: 关键词插件已加载
[2024-12-15T05:31:48.180Z] INFO: 插件 关键词 加载成功
[2024-12-15T05:31:48.180Z] INFO: 插件加载完成
[2024-12-15T05:31:48.181Z] INFO: 输入命令控制录音：
[2024-12-15T05:31:48.181Z] INFO: start   - 开始录音
[2024-12-15T05:31:48.181Z] INFO: stop    - 停止录音
[2024-12-15T05:31:48.181Z] INFO: reload  - 重新加载插件
[2024-12-15T05:31:48.181Z] INFO: results - 显示所有结果
[2024-12-15T05:31:48.182Z] INFO: exit    - 退出程序
[2024-12-15T05:31:48.186Z] INFO: WebSocket 连接已建立
[2024-12-15T05:31:48.186Z] INFO: 发送配置: {"chunk_size":[5,10,5],"wav_name":"realtime_recognition","is_speaking":true,"wav_format":"pcm","chunk_interval":10,"itn":true,"mode":"2pass","hotwords":"{\"snowleopard\":20,\"hello world\":40}"}
[2024-12-15T05:31:55.459Z] INFO: 开始录音...
[2024-12-15T05:31:57.896Z] INFO: [离线识别] 嗯嗯
[2024-12-15T05:32:02.377Z] INFO: [离线识别] ，123 
[2024-12-15T05:32:05.699Z] INFO: [声音匹配] 检测到热词
[2024-12-15T05:32:05.699Z] INFO: [声音匹配] 检测到关键词: 雪豹
[2024-12-15T05:32:06.912Z] INFO: [离线识别] 123 雪豹
[2024-12-15T05:32:06.912Z] INFO: [文本匹配] 检测到关键词: 雪豹
[2024-12-15T05:32:06.912Z] INFO: [文本内容] 123
[2024-12-15T05:32:12.733Z] INFO: [离线识别] ，123 
[2024-12-15T05:32:14.998Z] INFO: [声音匹配] 检测到热词
[2024-12-15T05:32:14.999Z] INFO: [声音匹配] 检测到关键词: 雪豹
[2024-12-15T05:32:15.923Z] INFO: [离线识别] 雪豹
[2024-12-15T05:32:15.923Z] INFO: [文本匹配] 检测到关键词: 雪豹
[2024-12-15T05:32:15.923Z] INFO: [文本内容] 
[2024-12-15T05:32:19.008Z] INFO: [声音匹配] 检测到热词
[2024-12-15T05:32:19.008Z] INFO: [声音匹配] 检测到关键词: 雪豹
[2024-12-15T05:32:19.939Z] INFO: [离线识别] 雪豹儿
[2024-12-15T05:32:19.939Z] INFO: [文本匹配] 检测到关键词: 雪豹
[2024-12-15T05:32:19.939Z] INFO: [文本内容] 儿
[2024-12-15T05:32:29.079Z] INFO: [声音匹配] 检测到热词
[2024-12-15T05:32:29.080Z] INFO: [声音匹配] 检测到关键词: 雪豹
[2024-12-15T05:32:29.996Z] INFO: [离线识别] 举报
[2024-12-15T05:36:08.007Z] INFO: [离线识别] 6000 
[2024-12-15T05:36:13.594Z] INFO: [离线识别] 右肩
[2024-12-15T08:42:46.011Z] INFO: [离线识别] 嗯
[2024-12-15T08:45:17.895Z] INFO: [离线识别] ，什么出来
[2024-12-15T08:45:20.861Z] INFO: [离线识别] 喂
[2024-12-15T08:45:25.130Z] INFO: [离线识别] 出来
[2024-12-15T08:48:47.970Z] INFO: [离线识别] ，你拉哪里了
[2024-12-15T08:53:26.590Z] INFO: [离线识别] ，你是怎么
[2024-12-15T09:27:56.587Z] INFO: [离线识别] 爸爸
[2024-12-15T09:35:09.860Z] INFO: [离线识别] 哎呀
[2024-12-15T09:39:40.820Z] INFO: [离线识别] ，哎呀
[2024-12-15T09:45:53.200Z] INFO: [离线识别] ，该名美妆博主已经把这条断章曲
[2024-12-15T09:45:54.793Z] INFO: [离线识别] 很英俊的，我进门
[2024-12-15T09:45:58.091Z] INFO: [离线识别] 我就是想看你进不去，你不能把我怎么样
[2024-12-15T09:46:01.890Z] INFO: [离线识别] ，我忘带了，但我真是住这里的，不骗你
[2024-12-15T09:46:02.757Z] INFO: [离线识别] 我用你
[2024-12-15T09:46:05.957Z] INFO: [离线识别] 恕罪不相信，把我宰了你
[2024-12-15T09:46:11.802Z] INFO: [离线识别] 这一扇门到底有多乖的男性才能打开
[2024-12-15T09:46:27.410Z] INFO: [离线识别] 出来了。出来了，这是怎么放学来，医院干啥来呀？这指定是有秘密，咱就跟住就完了走
[2024-12-15T09:46:38.114Z] INFO: [离线识别] 喂
[2024-12-15T09:46:39.922Z] INFO: [离线识别] ，陈总
[2024-12-15T09:46:44.109Z] INFO: [离线识别] ，就这样
[2024-12-15T09:46:50.980Z] INFO: [离线识别] ，你有事儿呢
[2024-12-15T09:47:00.199Z] INFO: [离线识别] ，你找找我什么事，你没有什么想跟我说的吗？你这人真的很莫名其妙是吗
[2024-12-15T09:47:00.828Z] INFO: [离线识别] ？这样
[2024-12-15T09:47:06.529Z] INFO: [离线识别] 我就说吧，马一还是那么脆
[2024-12-15T09:47:07.558Z] INFO: [离线识别] ，行了呗
[2024-12-15T09:47:13.527Z] INFO: [离线识别] ，你第一次来我们班儿，我就看你认真，但我就是想不起
[2024-12-15T09:47:14.170Z] INFO: [离线识别] 应当于
[2024-12-15T09:47:16.899Z] INFO: [离线识别] 老师写一些
[2024-12-15T09:47:24.027Z] INFO: [离线识别] 我没记错的话，那个奥数训练营那半路你就退出了吧，我也没得罪过，你为什么要针对我呢
[2024-12-15T09:47:27.837Z] INFO: [离线识别] ？就因为我小时候成绩比你好，就让你记恨我到现在吗
[2024-12-15T09:47:32.438Z] INFO: [离线识别] ？是半个多了
[2024-12-15T09:47:33.415Z] INFO: [离线识别] ，我饿了
[2024-12-15T09:47:34.965Z] INFO: [离线识别] 再介绍一下
[2024-12-15T09:47:38.350Z] INFO: [离线识别] 好玩的这是我骂说抖音上白酒，他不叫油门
[2024-12-15T09:47:39.685Z] INFO: [离线识别] ，这一盒还不到20 多
[2024-12-15T09:47:41.083Z] INFO: [离线识别] ，你不要问问他
[2024-12-15T09:47:45.092Z] INFO: [离线识别] ，那我就是很像你给我买的，你给你黄瓜哪买的
[2024-12-15T09:47:48.529Z] INFO: [离线识别] ，我回头我也不一样
[2024-12-15T09:47:53.274Z] INFO: [离线识别] ，朋友说真的很幸运
[2024-12-15T09:48:13.299Z] INFO: [离线识别] ，所以你就因为这一些都针对我
[2024-12-15T09:48:15.395Z] INFO: [离线识别] ，还有你懂别人对我讲
[2024-12-15T09:48:32.279Z] INFO: [离线识别] ，对啊，那时候我还小，没想过会伤害你
[2024-12-15T09:48:35.822Z] INFO: [离线识别] 我没看得起
[2024-12-15T09:48:40.315Z] INFO: [离线识别] ，就连现在隔着手机我也能感觉到
[2024-12-15T09:48:41.127Z] INFO: [离线识别] 。但是这一次
[2024-12-15T09:48:45.381Z] INFO: [离线识别] 无论是成绩还是未来，我都
[2024-12-15T09:49:01.934Z] INFO: [离线识别] 子昂从小我们就不是很熟，我也从来没把你当过对手。我没想过和你比划伤害你我没想到你能记得我记这么多年，说实话子昂
[2024-12-15T09:49:02.530Z] INFO: [离线识别] ，我是一个穷
[2024-12-15T09:49:03.085Z] INFO: [离线识别] 七的模拟
[2024-12-15T09:49:09.377Z] INFO: [离线识别] ，你赢了
[2024-12-15T09:49:14.295Z] INFO: [离线识别] ，你竟然有3个朋友为了你一直跟着
[2024-12-15T09:49:24.852Z] INFO: [离线识别] 视频来了，他这要干啥呀？我咱先看看
[2024-12-15T09:49:27.085Z] INFO: [离线识别] 你跟我说没有一个
[2024-12-15T09:49:32.249Z] INFO: [离线识别] 嗯人家
[2024-12-15T09:49:33.951Z] INFO: [离线识别] 嗯
[2024-12-15T09:49:36.195Z] INFO: [离线识别] ，看那边走吧，看看去
[2024-12-15T09:49:41.021Z] INFO: [离线识别] 跑哪儿去了呢
[2024-12-15T09:49:44.948Z] INFO: [离线识别] ，不是微信的，是啊
[2024-12-15T09:49:46.681Z] INFO: [离线识别] ，我可以做你的朋友
[2024-12-15T09:49:57.282Z] INFO: [离线识别] ，不用
[2024-12-15T09:50:08.407Z] INFO: [离线识别] 打不开，给人家都看你，烦死我了
[2024-12-15T09:50:11.553Z] INFO: [离线识别] 完了
[2024-12-15T09:50:25.287Z] INFO: [离线识别]  iknow
[2024-12-15T09:50:34.312Z] INFO: [离线识别] 在那村长，我跟你啊，那这咋的，他能给你关天台上啊，我给你，你给你
[2024-12-15T09:50:42.997Z] INFO: [离线识别] 大早吵出什么呢？营影来，你给我上，前面来以后，就在我眼皮底下坐着，不跟谁一座啊
[2024-12-15T09:50:43.564Z] INFO: [离线识别] ，然后
[2024-12-15T09:50:46.415Z] INFO: [离线识别] 人家还没嫌弃你呢，你前面来
[2024-12-15T09:51:06.486Z] INFO: [离线识别] 主任咋的？赵大柱啊，你也让陈子航过天台上了，那没有主任，我不家离学校太远了吗？我又过2天买摩托车，还买摩托车，那你们高年组那个小女子骑摩托撞死的，你知道啊
[2024-12-15T09:51:09.424Z] INFO: [离线识别] ，到昨天我不买了，你有其他的就得了呗啊
[2024-12-15T09:51:45.361Z] INFO: [离线识别] ，你学生骑摩托能安全吗？你得建议他呀，主任，你换车了啊，二手的吗？这是我在瓜子二手车上买的，宝马三系，只花了50000 多。现在新车掉价快，上瓜子买二手特划算，年底瓜子有百亿比50000 多，就能买奔驰宝马比亚迪靠谱吗？嘎嘎靠谱儿，瓜子每台车经经过官方专业检测，可以试开3天。要是有个旧车还能放瓜子儿，拍卖买卖二手车上瓜子绝对哟，没钱呢，没钱找他呀，我带他去，你找他买
[2024-12-15T09:51:46.087Z] INFO: [离线识别] ，赶紧上课吧
[2024-12-15T09:51:46.820Z] INFO: [离线识别] 啊，对，上课
[2024-12-15T09:51:47.541Z] INFO: [离线识别] 主播，然后
[2024-12-15T09:51:48.980Z] INFO: [离线识别] 18 亿
[2024-12-15T09:51:51.104Z] INFO: [离线识别] 对要的
[2024-12-15T09:51:53.095Z] INFO: [离线识别] 第一律
[2024-12-15T09:51:57.168Z] INFO: [离线识别] 船长以后站起
[2024-12-15T09:52:08.178Z] INFO: [离线识别] 。我在上面讲，你搁下头玩呢，主任，我没玩儿，你没玩儿
[2024-12-15T09:52:17.221Z] INFO: [离线识别] 。但是我龙主任你不能公报私仇，私仇的发源呢已经可以追溯到5000年前了。行了行了行了行
[2024-12-15T09:52:21.705Z] INFO: [离线识别] 走，你坐下吧。我相信学习这么好的孩子，不会被鹰眼儿所影响
[2024-12-15T09:52:24.749Z] INFO: [离线识别] ，咱们继续看啊
[2024-12-15T09:52:27.612Z] INFO: [离线识别] ，稳住脚跟发
[2024-12-15T09:52:32.562Z] INFO: [离线识别] 。嗯嗯嗯嗯
[2024-12-15T09:52:54.982Z] INFO: [离线识别] ，又怎么的了？你有儿子搁后面怼我没有没有，他没事儿，他怼你干啥？他欠呐，你再说他那胳膊能够到你那边吗
[2024-12-15T09:53:01.946Z] INFO: [离线识别] ？就是平眼给我老实点，听你们办，别上哪都心里一锅汤，知道了，主任接着走啊，看这道题
[2024-12-15T09:53:05.681Z] INFO: [离线识别] ，那方法是
[2024-12-15T09:53:11.745Z] INFO: [离线识别] 你起来
[2024-12-15T09:53:20.001Z] INFO: [离线识别] ，那我困了，摔倒套一下不行吗？你来你也可以跳舞来呀，你离我远点儿，我不去
[2024-12-15T09:53:21.725Z] INFO: [离线识别] ，你可别逼我
[2024-12-15T09:53:23.435Z] INFO: [离线识别] ，我该有病
[2024-12-15T09:53:27.294Z] INFO: [离线识别] ，这谁没有像的
[2024-12-15T09:53:33.202Z] INFO: [离线识别] ，没毛病吧
[2024-12-15T09:53:38.308Z] INFO: [离线识别] ，上学时经历的生死
[2024-12-15T09:53:54.072Z] INFO: [离线识别] 来了，来了，德爷终于来中国呆。你刚才为什么不鼓掌呢？我为啥要鼓掌啊？你再说一遍，我听听我就冬天在暖炉上面玩游戏该有多爽啊，这是一款
[2024-12-15T09:53:56.477Z] INFO: [离线识别] 要不要和漂泊者哥哥说呢
[2024-12-15T09:53:58.117Z] INFO: [离线识别] ？你把你
[2024-12-15T09:54:00.291Z] INFO: [离线识别] 怎么想啊
[2024-12-15T09:54:02.515Z] INFO: [离线识别] ？哭的孩子有糖吃吗
[2024-12-15T09:54:08.899Z] INFO: [离线识别] ？应该主动一点呗，可说白了还是安可自己送回去的
[2024-12-15T09:54:10.563Z] INFO: [离线识别] ，可要为自己的原型
[2024-12-15T09:54:12.784Z] INFO: [离线识别] 不能开着秀
[2024-12-15T09:54:14.861Z] INFO: [离线识别] 这样啊
[2024-12-15T09:54:23.814Z] INFO: [离线识别] ，想捏手归属于谁，我还是要看漂泊者的选择嘛
[2024-12-15T09:54:26.104Z] INFO: [离线识别] ，人家真的想再挑一个那脸
[2024-12-15T09:54:29.367Z] INFO: [离线识别] 想捏的背面
[2024-12-15T09:54:30.077Z] INFO: [离线识别] 的人物大
[2024-12-15T09:54:32.968Z] INFO: [离线识别] 我多大
[2024-12-15T09:54:39.849Z] INFO: [离线识别] ，那就和漂泊者哥哥说一
[2024-12-15T09:54:44.192Z] INFO: [离线识别] ，阿珂你怎么个事儿？我记得之前不是给了你一把吗
[2024-12-15T09:54:56.440Z] INFO: [离线识别] ？把他给云林姐姐了，哎呀，我给你开小灶，你都赶不上热乎的呀。你然后你不去找他，要让我再给你抽一个，这好，任何事全让你做了呗，妈妈
[2024-12-15T09:54:58.871Z] INFO: [离线识别] ，那跟我就好意思喽
[2024-12-15T09:55:04.392Z] INFO: [离线识别] ，算了，给了就给了吧，再找人家要也太没礼貌了，我也
[2024-12-15T09:55:05.032Z] INFO: [离线识别] 再给我
[2024-12-15T09:55:12.421Z] INFO: [离线识别] 安。可实不相瞒。现在资源要吃紧了，先别说武器，就连角色池也只够个保底的收入了
[2024-12-15T09:55:15.556Z] INFO: [离线识别] ，因为
[2024-12-15T09:55:17.862Z] INFO: [离线识别] 微笑的影子
[2024-12-15T09:55:22.127Z] INFO: [离线识别] 好烦啊
[2024-12-15T09:55:27.929Z] INFO: [离线识别] ，安可在这里呀
[2024-12-15T09:55:31.035Z] INFO: [离线识别] ，天来呀拿着
[2024-12-15T09:55:36.733Z] INFO: [离线识别] ，这是放心，这个是漂泊者心抽出来送我的
[2024-12-15T09:55:37.395Z] INFO: [离线识别] ，拿着吧
[2024-12-15T09:55:40.546Z] INFO: [离线识别] ，这一个高底的抽数呢
[2024-12-15T09:55:53.585Z] INFO: [离线识别] ，叶琳武器和供应链，你选供应链的话，我得先提醒你上一个尺子是大保底，你知道这意味着什么吗？什么傻孩子快看，那都是谁
[2024-12-15T09:55:54.079Z] INFO: [离线识别] 嗯
[2024-12-15T09:56:14.331Z] INFO: [离线识别] ，领头共鸣者，卡卡洛一个传奇般的名字，它是颜值的象征，艺术的象征，强度的象征
[2024-12-15T09:56:15.880Z] INFO: [离线识别] 。嗯嗯
[2024-12-15T09:56:18.623Z] INFO: [离线识别] ，没有
[2024-12-15T09:56:30.404Z] INFO: [离线识别] 武器池更保险些吗
[2024-12-15T09:56:31.174Z] INFO: [离线识别] ？不管怎么
[2024-12-15T09:56:40.423Z] INFO: [离线识别] 不卡了
[2024-12-15T09:56:44.902Z] INFO: [离线识别] ，麻烦快递签一下
[2024-12-15T09:56:52.922Z] INFO: [离线识别] ，麻烦快递签一下，我不要了
[2024-12-15T09:56:57.273Z] INFO: [离线识别] ，你可以不要，但你一定得钱，这是我最后一单最后一单嗯
[2024-12-15T09:57:14.748Z] INFO: [离线识别] ，你要开除了，你才会开了呢。我把老板开了，我要自己创业了，什么人都能创业啊，我之前一直以为我们努力的改变世界，哪怕最后失败了，失败的也只是事不是然。但后来发现我错了，其实失败就是我自己
[2024-12-15T09:57:16.162Z] INFO: [离线识别] ，我就这句话说太好了，我要记下来
[2024-12-15T09:57:19.764Z] INFO: [离线识别] ，我走了，你呢，我也要走了，你要去哪啊
[2024-12-15T09:57:35.366Z] INFO: [离线识别] ？湖南海南，云南随便吗？云南我要回云南，我们一起吧。你现在回来到底是做哪的？我回来是想创业呢？我就想在我们这边开个快递站，我没有啊
[2024-12-15T09:57:37.909Z] INFO: [离线识别] ，这快递收货地址怎么互删啊，谁的呀，李少群
[2024-12-15T09:57:39.866Z] INFO: [离线识别] 照这个这了呀，好多年了
[2024-12-15T09:57:45.745Z] INFO: [离线识别] ，他不是死了吗
[2024-12-15T09:57:47.567Z] INFO: [离线识别] ？你别像我走
[2024-12-15T09:57:48.921Z] INFO: [离线识别] 走哪儿啊
[2024-12-15T09:57:52.411Z] INFO: [离线识别] ，就算他死了，咱们也送到在坡上
[2024-12-15T09:57:57.343Z] INFO: [离线识别] ，听说你授权就死在西边了
[2024-12-15T09:58:01.342Z] INFO: [离线识别] 。我跟你说这块链你仿佛都跟寿都一样，他都没收到
[2024-12-15T09:58:06.825Z] INFO: [离线识别] 。这他妈还是个豆腐呢，你去吧，你们村的鬼讲，欢迎我听众朋友说了
[2024-12-15T09:58:07.538Z] INFO: [离线识别] 一起去吧
[2024-12-15T09:58:11.639Z] INFO: [离线识别] ，什么人吗？4块钱的
[2024-12-15T09:58:15.704Z] INFO: [离线识别] 小兵
[2024-12-15T09:58:30.496Z] INFO: [离线识别] ，我哪有哪家都叫你死的了。5年前我回来看了茶树种咖啡，我爹就当我死的了，你爱茶树看了你就知道啊
[2024-12-15T09:58:46.734Z] INFO: [离线识别] ，你来北京混不下去，滚回来的了你才滚回来。我混的好的很，我回来是开公司赚大钱儿的，这样嘴比谁都是钱。我从北京回来，就是为了远离你们这种人。今天一来来俩，我和他可不是一种人啊
[2024-12-15T09:58:47.225Z] INFO: [离线识别] ，行
[2024-12-15T09:59:03.012Z] INFO: [离线识别] ，几点钟了，还喝咖啡多么的，到了噻到就到啊。你这咖啡真不错，愈发就会让咖啡更加醇厚。你懂咖啡甘甜明显果酸明亮，混合了黑巧克浓郁的香气，入口顺滑，层次丰富
[2024-12-15T09:59:13.485Z] INFO: [离线识别] ，尾晕带有点烤鲜果香草焦糖感觉回甘不散。哇，这么多咖啡的人，我在黄龙村没见过。第2个一少许卫健委
[2024-12-15T09:59:17.089Z] INFO: [离线识别] ，但是我朋友你说我才跟你抢，就赚到现在未婚男的你还要抢
[2024-12-15T09:59:18.685Z] INFO: [离线识别] 马贾芬是谁啊？我以为
[2024-12-15T09:59:22.205Z] INFO: [离线识别] 我你俩谁是朋友，这不重要，很重要
[2024-12-15T09:59:27.506Z] INFO: [离线识别] ，你恼火了，人家吃了一个快递就撑不了。喂，飞熊常来啊
[2024-12-15T10:00:19.082Z] INFO: [离线识别] ，我奶奶，我奶奶我可以不但，但你你不能不做帮你买咖啡，帮你卖咖啡吗？嗯，开什么玩笑，比我的标准还差得远。再说了，这满山种的都是普洱，你上哪搞定去啊，记得是我们来解决你负责种咖啡，我负责市场，这事儿肯定我钱的。哎，不是你什么都都管，我连快递站怎么没见你们消消，你是不是傻？你你在学校真卖咖啡，每天100 来单的货，谁来送快递卖呀？你个木鱼脑袋有钱。对，我们不在以后你们咖啡园的快递我打八折。别说了，我讲过了，我是因为喜欢才种咖啡，不可能卖。你喜欢那种一国嘛，你现在种了700 筐，你不是浪费国家资源哦，我现在会很好喝，我早晚让你买，我负责搜到绝对不卖绝，绝对不卖喝，你还不够，你还往回家拿这咖啡确实好喝呀
[2024-12-15T10:00:21.875Z] INFO: [离线识别] 。你一会儿去镇上，把我俩快递给发了。开玩笑，你真要寄啊。你有个家在美国，你还有个家在意大利
[2024-12-15T10:00:26.140Z] INFO: [离线识别] ，我没有跟你说啊，你从明天开始，你阴勤点，你天天往卡片里边跑，我怎么跟你都变头，你就来呗，我不去，我才不犯贱
[2024-12-15T10:00:31.973Z] INFO: [离线识别] ，你想不想干什么快递啊？想我肯定要做下去，那咱们想办法用你道君的咖啡，一点货掉就可以
[2024-12-15T10:00:34.504Z] INFO: [离线识别] ，夏季没地
[2024-12-15T10:00:50.000Z] INFO: [离线识别] ，我用你的名义把咖啡纯虾事业冲动大战了，你凭什么替我参加比赛？你先别管这个，他们先出成绩，先不要找到结果
[2024-12-15T10:00:51.772Z] INFO: [离线识别] 今天送的上千份样品
[2024-12-15T10:00:55.913Z] INFO: [离线识别] 都是世界上最顶尖的咖啡。我们的咖啡哪里赢响
[2024-12-15T10:01:08.214Z] INFO: [离线识别] ？虽然说你自己不认得自己的咖啡，但现在全世界有认品的咖啡啊，从我开始创业，我就每天睡过一个好觉，每天都在琢磨着未来趋势和下一个风口，生怕自己错过人亡
[2024-12-15T10:01:08.615Z] INFO: [离线识别] 是什么
[2024-12-15T10:01:09.673Z] INFO: [离线识别] ，你要怎么了
[2024-12-15T10:01:13.251Z] INFO: [离线识别] ，你睡着了，我睡着了
[2024-12-15T10:01:15.053Z] INFO: [离线识别] 就已经
[2024-12-15T10:01:21.781Z] INFO: [离线识别] 我真睡着了。我在北京最高的写字楼里边上过2年班，在我从来没看到过这么远
[2024-12-15T10:01:25.105Z] INFO: [离线识别] 。你有咖啡吗？你有快递吗？我有电商吗
[2024-12-15T10:01:26.687Z] INFO: [离线识别] ？咱们3个一起干吧。好
[2024-12-15T10:01:47.039Z] INFO: [离线识别] ，我晓得大家对茶叶有感情，我也有，但茶叶不足以啊，我们整个村李兆群的咖啡拿到世界银奖，大家能和他一起种出最好的咖啡，可以带来更多的收入。如果这件事成了，我们每个人手上都有一个金毛丸，大个都没有去吃讨生活，还有很多像我一样的人
[2024-12-15T10:01:48.595Z] INFO: [离线识别] ，他们都可以回来了，再也不如跑到看不见自己左右的人吗
[2024-12-15T10:01:58.970Z] INFO: [离线识别] ？一年见不到爹娘不好，爸爸爸妈妈儿子女女儿可以老婆老公也可以回来。回到这个原本属于我自己的家，我改变的不是我一个人
[2024-12-15T10:02:01.593Z] INFO: [离线识别] ，他改变的是我们黄村，每一个人我彭秀斌绝对不会吃盐
[2024-12-15T10:02:07.469Z] INFO: [离线识别] 小狗日的，我的妈里头有老子那寡妇
[2024-12-15T10:02:34.057Z] INFO: [离线识别] 是我的，不能让他10%么啊，你们大了有自己的主意，但是你们想过没有？你们年轻啊，失败得起噻，下棋们失败不起哟，你们失败了，可以再回郑州打工工，我他妈的就压都没得了，我是为他们负责噻。你说只是李小勋的爹，你又不是大家的爹，你要让大家自己选嘛
[2024-12-15T10:02:45.600Z] INFO: [离线识别] 。我今天地也可以给你种咖啡，但是没有钱给你哦，一定要等到咖啡种出来才有啊。没有关系，我们不相信咖啡，我们相信你，或者一家都相信你
[2024-12-15T10:02:47.715Z] INFO: [离线识别] 嗯
[2024-12-15T10:02:54.064Z] INFO: [离线识别] ，你是
[2024-12-15T10:02:54.893Z] INFO: [离线识别] 你就
[2024-12-15T10:02:57.964Z] INFO: [离线识别] 一生
[2024-12-15T10:02:58.618Z] INFO: [离线识别] ，你在
[2024-12-15T10:03:04.458Z] INFO: [离线识别] 是
[2024-12-15T10:03:20.437Z] INFO: [离线识别] 大家谁呀？新雀新俊是什么呀？全世界最大的咖啡经销商，你不是来买咖啡的，我今天当然是来买咖啡的，但是买的不是你们现在的咖啡，而是你们未来的咖啡
[2024-12-15T10:04:01.230Z] INFO: [离线识别] 。没错，他俩收购50000 。没错，经过我们调研，你们去年的销售额在1200000 去掉成本和税金。你们有3个股东最后的净利润总额应该在280000 左右。所以按照10 年的净利润的收购价，我给你们3000000 的合同，3000000 今年100 公司不愧是大公司，不不调做的不错很10 吨，但可惜数据有点过时了。我们去年确实只生产了14 吨，但我们今年保守估计生产20 吨，明年会是30 吨。相信在不远的将来，我们可以做到年产。 no no no no no，no，年产20 吨将会是你们的天花板，不可能比这个更高，我可以出4000000 
[2024-12-15T10:04:07.374Z] INFO: [离线识别] 出来，我们3个人每人2000000 ，总价6000000 ，这是我的底价。你们不值这个价吧，你们可以再好好想想，我还有20min的时间，不用以你
[2024-12-15T10:04:11.038Z] INFO: [离线识别] 不要来自家吃饭，两手一插
[2024-12-15T10:05:26.065Z] INFO: [离线识别] 报告大帅龙哥的反隐身雷达刚刚被以色列炸掉了。第2件事，叙利亚反对派终于出手了冲进空军基地。趁着以色列的空袭之后，叙利亚防空系统几乎崩溃的瞬间发起了反击。第3件事，俄罗斯高级导弹专家杀死机被暗杀了，今天情报很炸裂。咱们一个个汇报，首先咱得明白这台雷达 jy27 ，根本不是什么小玩意儿，由中国电科研地他的定位能力相当吓人。特别是在高科技隐形战机的侦测上，可以探测到f35 这种隐身机给以色列的空军带来了巨大的威胁。你想啊打伊朗，打叙利亚，以色列空军的隐形飞机从不可能被发现，反而是这台中国造雷达给他们的空袭行动埋下了隐患。那么为什么这次以色列会决定直接摧毁这台雷达？很简单，想象一下，如果他还在任何一次从叙利亚进入伊朗的空袭，都会被提前发现。对以色列来说，这是一个不可忽视的漏洞。所以
[2024-12-15T10:06:25.646Z] INFO: [离线识别] 直接动手消除掉这个威胁，也就成了他们唯一的选择。以色列动用的空袭力度不小，短短24h内，以色列空军摧毁了叙利亚90%以上的防空系统，包括s一铠甲和山猫举m二等俄制防空系统。当然， jy27 是其中的防空系统。这一轮打击标志着以色列不仅削弱了叙利亚的防空能力，更为未来的战略布局铺平的道路。尤其值得注意的是， jy27 的摧毁并不只是针对叙利亚的防空。更深层的意义在于，以色列已经打破了伊朗与叙利亚的防空屏障。换句话说，接下来以色列可以通过叙利亚领空直接打击伊朗核设施，毫无顾忌。这个一石二鸟的战略无疑为以色列提供了一个前所未有的机会。对，伊朗而言，这无疑是一个巨大的打击。没有了叙利亚的防空支援，伊朗几乎失去了对以色列空袭的有效反制能力。此前，伊朗依赖叙利亚的防空系统进行早期预警，但如今这一保护伞被彻底拆除，以色列随时可
[2024-12-15T10:07:25.919Z] INFO: [离线识别] 能会发动空袭，打击伊朗核设施，甚至可能在不久的将来引发更大范围的冲突。第2件事，叙利亚反对派终于出手了冲进空军基地。趁着以色列的空袭之后，叙利亚战略系统几乎崩溃的瞬间发起了反击。这场局势的急转弯绝对让人震惊过去。几天，以色列军方几乎把叙利亚的防空系统炸得面目全非。500 个战略目标，1800 枚炸弹和导弹，毫不留情的摧毁了叙利亚的空军力量。从米格到苏式战机，再到俄制防空导弹系统，简直是一次大规模的清算。连中国制造的 jy27 反隐身雷达都没能幸免，空中力量和防空系统完全失效。以色列的战略目标清晰，彻底削弱叙利亚的防空力量，为未来的伊朗空袭打下了基础。然而，最让人意外的是，叙利亚政府似乎对这些打击没有太多回应，军队没有有效反击，连反对派也没有立刻采取行动。但随着以色列的空袭进入尾声，简对派终于抓住了这个机会
[2024-12-15T10:08:26.154Z] INFO: [离线识别] ，猛烈进攻叙利亚的空军基地。毫无疑问，他们在空袭之后看到了自己的一线生机。空军基地已经一片废墟，他们能够利用这个破碎的局面进一步削弱叙利亚政府军的力量。这种局势发展，不禁让人深思。叙利亚政府的沉默不言，可能给了反对派可乘之机。在面对外部强敌的同时，政府军内部的松懈和防御的弱点暴露无遗。反对派也意识到，这是他们翻盘的最后机会。因此，他们迅速行动冲进空军基地，甚至开始掌控一些关键的军事资源。但问题是，这样的局势将如何影响叙利亚的未来？叙利亚本就处于崩溃的边缘，经济军事基础设施几乎都被摧毁。以色亚的空袭，反崩溃的进攻，再加上各方外部势力的干预，已经让这个国家无法恢复正常。国际社会的反应虽然也有谴责在叙利亚的局势，早已脱离了任何一种传统的国际法框架。第3件事，俄罗斯高级导弹专家杀死机被暗杀了乌克兰情报部门
[2024-12-15T10:09:25.400Z] INFO: [离线识别] 再次成功击杀一个关键目标，毫不留情，这不是偶然杀瓷机是俄罗斯最终量级的导弹专家之一，参与过俄罗斯巡航导弹的升级工作，失去这样一个专家对俄罗斯来说，无疑是一次重大损失。对乌克兰而言，这是一次战术胜利，进一步削弱了俄罗斯的军事科研力量。值得注意的是，这并不是孤立事件。早在11 月，俄罗斯黑海舰队的高级指挥官特兰科夫斯基就被乌克兰精确打击遭遇斩首式袭击。嫌疑人承认是受乌克兰军方指使，尽管俄罗斯和西方国家都选择保持沉默，但这些行动的频繁发生表明，乌克兰已经开始将暗杀变成一种常态化的战略手段。乌克兰显然把目标集中在了俄罗斯的高层军事人物和科研人员身上，背后可能不仅仅是情报部门的力量，北约的支持也可能是一个不容忽视的因素。通过精准打击俄罗斯的指挥链条和科研骨干，乌克兰成功瓦解了对方的组织架构，甚至直接影响到
[2024-12-15T10:10:16.170Z] INFO: [离线识别] 战场上的指挥能力。俄军的高级将领和科学家屡屡成为猎物，这使得普京的统治面临更大压力。更为糟糕的是，普京似乎也意识到俄罗斯内部可能早已有内鬼。他公开表示，俄罗斯联邦安全局必须彻查这些叛徒和间谍。然而，这项任务的难度可想而知。如果俄罗斯内部的间谍问题无法得到根本解决，类似的暗杀行动可能会持续发生，甚至规模更大。乌克兰也许会在背后继续推动这些行动，利用内部破坏，不断削弱俄罗斯的战斗力。对于俄罗斯来说，这种情况的持续将会严重影响他们在战争中的战略部署。战场上的胜负不再仅仅依赖于传统的军事对抗情报战暗杀间谍活动也在悄然决定的战局。如果普京不能迅速肃清内部问题，恐怕俄罗斯的安全形势会更加复杂，甚至让他们的反击能力大打折扣。报
[2024-12-15T10:10:33.315Z] INFO: [离线识别] 没时间为落选 t ga而哀悼了。接下来登场的是明朝再次全服赠送800 新生。好，哈哈，就算没获奖也送了。难怪昨天明朝的首席指挥官，在自家游戏全程陪跑的情况下，还能给他嬉皮笑脸的。可这无论得不得奖，都要找个理由发朋友费是吧？这心态周一领袖报告各位表哥，以色列称，北朗和设施分
[2024-12-15T10:10:33.794Z] INFO: [离线识别] 嗯
[2024-12-15T10:10:37.947Z] INFO: [离线识别] 随便控制视频调节你
[2024-12-15T10:10:39.751Z] INFO: [离线识别] 是什么
[2024-12-15T10:10:46.692Z] INFO: [离线识别] 嗯
[2024-12-15T10:10:49.264Z] INFO: [离线识别] ，不过这有什么用呢
[2024-12-15T10:10:55.584Z] INFO: [离线识别] ？如果你是你那么妈电影，看哪部分
[2024-12-15T10:11:04.264Z] INFO: [离线识别] 嗯，我都不用办法，那个孩子
[2024-12-15T10:11:04.899Z] INFO: [离线识别] 今天
[2024-12-15T10:11:13.161Z] INFO: [离线识别] 他发明的超级玻璃，原本只是为了防小孩，却因为太好用被部队收编，成为了军用防爆玻璃
[2024-12-15T10:11:34.256Z] INFO: [离线识别] 。白山20 多岁的大爷喜欢用弹弓打邻居的玻璃。长大后，为了不让隔壁的小孩报复，大爷偷偷发明了一款超级玻璃。据说家里装上它之后，连火箭筒都炸不开，买爆破的记者连夜跑了500 米升级隐身版就在安全区域，无不良引导警务娱乐求我好
[2024-12-15T10:11:45.093Z] INFO: [离线识别] ，我觉得很需要这份工作，因此你真的不适合我们
[2024-12-15T10:11:46.137Z] INFO: [离线识别] 。再看一下
[2024-12-15T10:11:49.583Z] INFO: [离线识别] ，我希望公司的经验，再给次机会
[2024-12-15T10:11:57.412Z] INFO: [离线识别] 。土哥，我怎么被提出公司管理群了
[2024-12-15T10:12:03.676Z] INFO: [离线识别] ，和你没关系了，你可以走。什么叫和我没关系了，我是说公司和你没关
[2024-12-15T10:12:07.199Z] INFO: [离线识别] ，就回家休息了，你当初投的那些钱
[2024-12-15T10:12:14.151Z] INFO: [离线识别] ，你在说什么？说好的，给我20%的股份，现在公司步入正轨了，你要赶我走啊
[2024-12-15T10:12:19.142Z] INFO: [离线识别] ，公司发展到今天和你有什么关系啊，你把股权合同拿出来看看啊
[2024-12-15T10:12:22.144Z] INFO: [离线识别] ，我当初只是随便说说，哎，你还当真了
[2024-12-15T10:12:25.980Z] INFO: [离线识别] 。对对对
[2024-12-15T10:12:27.614Z] INFO: [离线识别] ，就到家了
[2024-12-15T10:12:29.670Z] INFO: [离线识别] ，快走
[2024-12-15T10:12:33.750Z] INFO: [离线识别] 没有用
[2024-12-15T10:12:42.821Z] INFO: [离线识别] 什么意思
[2024-12-15T10:12:46.471Z] INFO: [离线识别] ？认同
[2024-12-15T10:12:47.592Z] INFO: [离线识别] 抱你不爽
[2024-12-15T10:12:50.988Z] INFO: [离线识别] ，想不到有一天你会落魄的给我打
[2024-12-15T10:12:52.567Z] INFO: [离线识别] ，谢谢你
[2024-12-15T10:12:56.245Z] INFO: [离线识别] ，那就要看你能不能抓住机会了
[2024-12-15T10:13:07.271Z] INFO: [离线识别] ，干不完就走人
[2024-12-15T10:13:15.267Z] INFO: [离线识别] ，这才刚来几天啊，这晚迟到
[2024-12-15T10:13:17.109Z] INFO: [离线识别] ，我昨天加班做了实验
[2024-12-15T10:13:21.666Z] INFO: [离线识别] ，是椅子不行，还是你不行
[2024-12-15T10:13:30.978Z] INFO: [离线识别] 。那行，今天你出去跑跑，找一批舒适的椅子，但是我还有很多策划案，没有做完，你提的问题你得解决啊
[2024-12-15T10:13:34.869Z] INFO: [离线识别] ，垃圾出现
[2024-12-15T10:13:35.581Z] INFO: [离线识别] 学的怎么样
[2024-12-15T10:13:39.796Z] INFO: [离线识别] ？重西选选什么垃圾不行，加班牌
[2024-12-15T10:13:41.440Z] INFO: [离线识别] ，你发现
[2024-12-15T10:13:54.833Z] INFO: [离线识别] 嗯
[2024-12-15T10:13:59.495Z] INFO: [离线识别] 把手机再近一点，不要乱来啊不要乱来，再近一点手拿走啊
[2024-12-15T10:14:22.665Z] INFO: [离线识别] 。朱总，您不是让我更新一下椅子吗？这个是 b kt的超大版后腰坐姿椅专门为大体重人群研究。在延续了老款人体工学设计的基础上，承重力包裹性更强。加大加宽的设计，不仅承重力可达300 斤，还能把腰部托起，有效缓解久坐腰部空缺带来的压力。办公久坐也不怕腰疼了。朱总，你可以试一试
[2024-12-15T10:14:23.208Z] INFO: [离线识别] ，同意吧
[2024-12-15T10:14:25.553Z] INFO: [离线识别] ，别说
[2024-12-15T10:14:27.219Z] INFO: [离线识别] 还挺舒服
[2024-12-15T10:14:31.403Z] INFO: [离线识别] ，朱总，这是什么呀
[2024-12-15T10:14:36.434Z] INFO: [离线识别] ？大家最近工作都辛苦了，特意给大家换的护腰神器
[2024-12-15T10:14:39.020Z] INFO: [离线识别] ，老板还给我配了个plus版本的
[2024-12-15T10:14:41.439Z] INFO: [离线识别] ，谢谢老板，谢谢老板啊
[2024-12-15T10:14:42.244Z] INFO: [离线识别] ，感受一下
[2024-12-15T10:14:47.961Z] INFO: [离线识别] ，哎呦
[2024-12-15T10:14:49.804Z] INFO: [离线识别] ，忘记新同事的
[2024-12-15T10:14:53.303Z] INFO: [离线识别] 克服一下
[2024-12-15T10:14:56.233Z] INFO: [离线识别] ，到时候啊
[2024-12-15T10:14:59.212Z] INFO: [离线识别] 住总
[2024-12-15T10:15:02.271Z] INFO: [离线识别] 周总，您要的策划案，我给您送来了
[2024-12-15T10:15:02.951Z] INFO: [离线识别] ，我先回了
[2024-12-15T10:15:04.147Z] INFO: [离线识别] ，真的吧
[2024-12-15T10:15:08.233Z] INFO: [离线识别] ，坐下来一起聊聊嘛，都是老熟人儿
[2024-12-15T10:15:10.413Z] INFO: [离线识别] 前公司的员工
[2024-12-15T10:15:13.732Z] INFO: [离线识别] ，之前的合作伙伴，还有老朋友
[2024-12-15T10:15:15.656Z] INFO: [离线识别] ，你们坐下来敬大家2位啊
[2024-12-15T10:15:26.322Z] INFO: [离线识别] 。这个就是我20 多年的好兄弟，当时让我一起合伙开公司挣钱的，就一脚把我踢了
[2024-12-15T10:15:27.153Z] INFO: [离线识别] ，这是好兄弟啊
[2024-12-15T10:15:30.220Z] INFO: [离线识别] ，不是这样的
[2024-12-15T10:15:34.805Z] INFO: [离线识别] ，周总，我还会去加个班儿
[2024-12-15T10:15:35.474Z] INFO: [离线识别] ，我先走了
[2024-12-15T10:15:40.125Z] INFO: [离线识别] ，怎么了
[2024-12-15T10:15:42.191Z] INFO: [离线识别] ？没事儿
[2024-12-15T10:15:44.760Z] INFO: [离线识别] 事儿
[2024-12-15T10:15:50.106Z] INFO: [离线识别] ，当年涂总他
[2024-12-15T10:15:57.649Z] INFO: [离线识别] 老板这回项目上出现的事故，咱们公司的资金都不够赔给甲方的
[2024-12-15T10:16:01.371Z] INFO: [离线识别] ，你通知财务先转400000 给小明
[2024-12-15T10:16:04.191Z] INFO: [离线识别] 老板，那就够不够赔的呀
[2024-12-15T10:16:06.745Z] INFO: [离线识别] ？朱总跟您是合伙人
[2024-12-15T10:16:09.486Z] INFO: [离线识别] ，出了事情，他也要负责赔偿啊
[2024-12-15T10:16:10.582Z] INFO: [离线识别] ，您一个人
[2024-12-15T10:16:12.858Z] INFO: [离线识别] ，你怎么培养
[2024-12-15T10:16:15.211Z] INFO: [离线识别] ，慢慢陪伴
[2024-12-15T10:16:16.692Z] INFO: [离线识别] 他，就答应他
[2024-12-15T10:16:18.677Z] INFO: [离线识别] 一起同富贵
[2024-12-15T10:16:22.034Z] INFO: [离线识别] ，总不能钱没挣到，害怕他一起还债吧
[2024-12-15T10:16:23.510Z] INFO: [离线识别] ，你去办吧
[2024-12-15T10:16:29.410Z] INFO: [离线识别] ，师妹
[2024-12-15T10:16:37.334Z] INFO: [离线识别] 行走了啊
[2024-12-15T10:16:39.294Z] INFO: [离线识别] ，你为什么要瞒着我
[2024-12-15T10:16:40.905Z] INFO: [离线识别] ，你就没有拿我当过兄弟
[2024-12-15T10:16:42.548Z] INFO: [离线识别] 下面
[2024-12-15T10:16:43.524Z] INFO: [离线识别] 以为他们
[2024-12-15T10:16:46.827Z] INFO: [离线识别] ，那我来当这个小人喽
[2024-12-15T10:16:49.995Z] INFO: [离线识别] ，我不想经历这个原因
[2024-12-15T10:16:52.685Z] INFO: [离线识别] ，放屁
[2024-12-15T10:16:59.285Z] INFO: [离线识别] 打打你干什么？小明，你瞒我的时候不是提醒我吗？现在不走啊
[2024-12-15T10:17:00.596Z] INFO: [离线识别] 哒哒哒
[2024-12-15T10:17:04.754Z] INFO: [离线识别] ，这2天
[2024-12-15T10:17:06.293Z] INFO: [离线识别] 雪实太欺负人了
[2024-12-15T10:17:21.178Z] INFO: [离线识别] 。哎，朱总，你和小土怎么了？别乱喊啊，他以后是我们公司的土副总
[2024-12-15T10:17:22.638Z] INFO: [离线识别] ，不是不是啊
[2024-12-15T10:17:24.627Z] INFO: [离线识别] ，我可还没有答应你呢
[2024-12-15T10:17:25.709Z] INFO: [离线识别] ，哈哈哈
[2024-12-15T10:17:33.801Z] INFO: [离线识别] 。2年前我养了一朵云，2年后他长大了
[2024-12-15T10:17:42.641Z] INFO: [离线识别] ，最近我总是做同一个梦，朋友劝我找人算一下，看是不是有什么问题。我说你可真迷信，什么年代了，还信这个
[2024-12-15T10:17:45.131Z] INFO: [离线识别] 总做同一个梦，是不是有什么问题啊，道长
[2024-12-15T10:17:55.668Z] INFO: [离线识别] 道长，让我别那么迷信，平时多坐在草地上看看。云心静下来就好了，我回去就照做，只看了一小会儿，我就感冒了
[2024-12-15T10:17:59.303Z] INFO: [离线识别] ，看云很放松，但我又不想挨冻了，怎么办呢
[2024-12-15T10:18:08.691Z] INFO: [离线识别] ？一周以后，我的睡眠好了很多。因为每当我工作半个小时，就会提醒自己休息一下，坐在草地上
[2024-12-15T10:18:09.220Z] INFO: [离线识别] 看看云
[2024-12-15T10:18:13.319Z] INFO: [离线识别] 话说这个时间
[2024-12-15T10:18:15.087Z] INFO: [离线识别] 一起访问
[2024-12-15T10:18:22.045Z] INFO: [离线识别] 嗯
[2024-12-15T10:18:29.253Z] INFO: [离线识别] 嗯
[2024-12-15T10:18:32.246Z] INFO: [离线识别] 嗯安
[2024-12-15T10:18:40.511Z] INFO: [离线识别] 在程序设定这朵云的工作是模拟当天的天气，比如晴天雾霾打雷闪电
[2024-12-15T10:19:15.085Z] INFO: [离线识别] ，但他有个很特别的地方。为了让他有生命的感觉，我在他所有的功能里都增加了随机数。首先他没有固定起床时间，醒来后伸个懒腰，再开始一天的工作。但由于随机数的参与是否去工作，也要看他的心情。所以你有可能在一个晴天看到家里也有一朵小白云，跟着天上的兄弟姐妹一样，也有可能外面晴空万里一朵小乌云在房间里独自安然神伤打雷。下雨。是的，他会下雨，很后悔给他设计这个功能
[2024-12-15T10:19:16.299Z] INFO: [离线识别] 。当然更有可能他根本就没起床
[2024-12-15T10:19:21.693Z] INFO: [离线识别] 。晚上他喜欢熬夜，变得花里胡哨，甚至他可能假装睡着，在你路过的时候吓你一跳
[2024-12-15T10:19:44.191Z] INFO: [离线识别] 。是的，他有一个热成像传感器指导你路过为了公平起见，我也开发了一个捉弄他的功能，随时随地只要挥出一个魔法，无论他在干嘛里面的小凸轮都会有他不由自主的打个嗝，配合上音效非常q弹，不过最好别在他工作的时候逗他，否则他可能当场哭给你看
[2024-12-15T10:20:06.515Z] INFO: [离线识别] 。制作这朵云代码，只花了很少的时间。小云有个识别，我的表情，改变自身颜色的功能，完全由 ai完成。我一行代码都没有写。最近我在咨询朋友如何通过 ai和小云赋予性格，可能因为工作时常让我感觉很疲惫，所以我想让她成为一个慵懒随性的小云，可以赖床可以撒欢，可以自由自在
[2024-12-15T10:20:13.466Z] INFO: [离线识别] 一种天气非常稀有，所以我加了一个作弊器，让我有更高的概率。在一场以后看到这种天气
[2024-12-15T10:20:20.517Z] INFO: [离线识别] ，希望我们每周可以赖床3天朋友
[2024-12-15T10:20:21.509Z] INFO: [离线识别] ，我们下期见
[2024-12-15T10:20:30.206Z] INFO: [离线识别] 。2年前我养了一朵云。2年后他长大了
[2024-12-15T10:20:35.373Z] INFO: [离线识别] ，最近我总是做同一个梦，朋友劝我找人算一下，看是不是
[2024-12-15T10:20:44.311Z] INFO: [离线识别] 有什么问题。我说你可真迷信，什么年代了，还信这个
[2024-12-15T10:20:46.158Z] INFO: [离线识别] 总做同一个问题啊，道长
[2024-12-15T10:20:55.667Z] INFO: [离线识别] 道长，让我别那么迷信，平时多坐在草地上看看。云心静下来就好了，我回去就照做，只看了一小会儿
[2024-12-15T10:21:00.346Z] INFO: [离线识别] ，我就感冒了，看云很放松，但我又不想挨动物
[2024-12-15T10:21:03.744Z] INFO: [离线识别] ，真倒霉
[2024-12-15T10:21:05.211Z] INFO: [离线识别] 哎
[2024-12-15T10:21:06.525Z] INFO: [离线识别] ，好像也没那么倒霉
[2024-12-15T10:21:12.941Z] INFO: [离线识别] 。哎，你好，跟我来，哎，插队啊，我俩一起行行行行
[2024-12-15T10:21:13.696Z] INFO: [离线识别] ，有什么保障
[2024-12-15T10:21:28.843Z] INFO: [离线识别] ？多少？姐，您太幸运了啊，您正好是我们店里第1000 位顾客咖啡，免费还送一个小蛋糕。哎呀，这幸好是插对了啊，谢谢啊。曼哥，什么车是你轿车吗？不是轿的车，我那有轿车的呢
[2024-12-15T10:21:36.545Z] INFO: [离线识别] ，中恒张博那也太小了，你叫的车呀，我叫的，你上哪呀？稍等，哎，走，我送你走，不用不呀，没事儿，我也不着急，谢谢啊
[2024-12-15T10:21:39.390Z] INFO: [离线识别] ，登录他迟到了，我帮你
[2024-12-15T10:21:54.309Z] INFO: [离线识别] 。哎，小林给我爬个楼梯锻炼一下经理。行，我上班马上迟到，迟到扣200 块钱呢。谁扣开始买啊啊，你扣我，那我不扣你不就完了吗？那我给你练练不就完了，走，这可是法庭的话啊
[2024-12-15T10:21:59.824Z] INFO: [离线识别] ，哎呦，我完了，我点的不保存呢，是不是做了啊，糖还能做出来，没做完了，把保存印出来了
[2024-12-15T10:22:13.713Z] INFO: [离线识别] 。哎，小李啊啊，你没做呀，不是老板听我警察，我的没做就对了。这个项目合作方给我们挖个大坑，谁做谁浪费时间，我早就发现了奖品200 线，谢谢老板，气死我了
[2024-12-15T10:22:17.836Z] INFO: [离线识别] ，还行还行。嗯嗯，到哪儿干干嘛？有点事儿下回吃呗，不是我这都到了
[2024-12-15T10:22:23.900Z] INFO: [离线识别] 放毒乐队，你好，方便，哥哥啊，太方便了得，一怎么来呀？服务员点菜
[2024-12-15T10:22:25.141Z] INFO: [离线识别] 怎么停电了
[2024-12-15T10:22:31.500Z] INFO: [离线识别] ？这不我之前丢那耳机吗？在这儿呢
[2024-12-15T10:22:34.400Z] INFO: [离线识别] ，我这一天到底算倒霉还是行
[2024-12-15T10:22:36.402Z] INFO: [离线识别] 广的呢
[2024-12-15T10:22:38.754Z] INFO: [离线识别] ，去想
[2024-12-15T10:22:40.125Z] INFO: [离线识别] 你想
[2024-12-15T10:22:43.414Z] INFO: [离线识别] 不用急急忙忙说圣诞新年
[2024-12-15T10:22:46.459Z] INFO: [离线识别] 嗯
[2024-12-15T10:22:49.694Z] INFO: [离线识别] 专家
[2024-12-15T10:22:53.333Z] INFO: [离线识别] ，这水族战争的时候都不爱
[2024-12-15T10:22:56.738Z] INFO: [离线识别] ，不过我们死了，已经克服了
[2024-12-15T10:23:00.530Z] INFO: [离线识别] 手榴弹是靠雾来保证方向
[2024-12-15T10:23:01.225Z] INFO: [离线识别] ，不是
[2024-12-15T10:23:02.159Z] INFO: [离线识别] 我想问
[2024-12-15T10:23:08.305Z] INFO: [离线识别] 我好奇的是，天天怎么用词
[2024-12-15T10:23:09.465Z] INFO: [离线识别] 就扣了
[2024-12-15T10:23:14.084Z] INFO: [离线识别] ，为了投资事就抵薪酬之约不远
[2024-12-15T10:23:14.969Z] INFO: [离线识别] ，你照顾
[2024-12-15T10:23:18.026Z] INFO: [离线识别] 满场各手里的
[2024-12-15T10:23:22.594Z] INFO: [离线识别] 杀伤半径20 米10 米，投弹你还活着
[2024-12-15T10:23:25.249Z] INFO: [离线识别] ，我要的是真实数据
[2024-12-15T10:23:27.682Z] INFO: [离线识别] ，吹你娘的脸，不是我
[2024-12-15T10:23:31.962Z] INFO: [离线识别] ，他不是你是谁和他来，那时候我就几枪撂倒了
[2024-12-15T10:23:36.528Z] INFO: [离线识别] 单场进去的手雷扔了没去，叫他来
[2024-12-15T10:23:38.885Z] INFO: [离线识别] 班长王春生
[2024-12-15T10:23:39.981Z] INFO: [离线识别] ，交通旅后
[2024-12-15T10:23:42.794Z] INFO: [离线识别] ，在临清江战斗攻击集团科学
[2024-12-15T10:23:47.545Z] INFO: [离线识别] 不去
[2024-12-15T10:23:54.583Z] INFO: [离线识别] ，你你们的是伤亡比例是多少
[2024-12-15T10:23:56.909Z] INFO: [离线识别] ？要是在坦克夫
[2024-12-15T10:23:58.060Z] INFO: [离线识别] 相信你
[2024-12-15T10:23:59.854Z] INFO: [离线识别] 打的好吗
[2024-12-15T10:24:04.983Z] INFO: [离线识别] ？你说你
[2024-12-15T10:24:07.433Z] INFO: [离线识别] 嗯
[2024-12-15T10:24:08.698Z] INFO: [离线识别] 嗯
[2024-12-15T10:24:09.502Z] INFO: [离线识别] 嗯
[2024-12-15T10:24:13.633Z] INFO: [离线识别] 嗯是吧
[2024-12-15T10:24:17.733Z] INFO: [离线识别] ，哼，给你发工资，你给你发工资
[2024-12-15T10:24:18.594Z] INFO: [离线识别] 嗯
[2024-12-15T10:24:21.079Z] INFO: [离线识别] 嗯嗯，可以
[2024-12-15T10:24:24.752Z] INFO: [离线识别] 嗯，嗯嗯嗯
[2024-12-15T10:24:27.774Z] INFO: [离线识别] 给你发工资
[2024-12-15T10:24:29.907Z] INFO: [离线识别] 嗯
[2024-12-15T10:24:32.088Z] INFO: [离线识别] ，嗯嗯嗯
[2024-12-15T10:24:35.612Z] INFO: [离线识别] ，是吧
[2024-12-15T10:24:37.361Z] INFO: [离线识别] ，三
[2024-12-15T10:24:42.113Z] INFO: [离线识别] 4线给你去游出去找一波呗，下路
[2024-12-15T10:24:44.111Z] INFO: [离线识别] 别急，什么大招
[2024-12-15T10:24:47.526Z] INFO: [离线识别] ，注视未来
[2024-12-15T10:24:49.008Z] INFO: [离线识别] 删掉
[2024-12-15T10:24:51.737Z] INFO: [离线识别] 鱼
[2024-12-15T10:25:05.672Z] INFO: [离线识别] 男人第一天送外卖时，却被眼前的一件警服吓乱。在原地，就连拿钞票时，眼神也从未离开经验。老道的刑警顿时察觉到了这一细节，可他刚放下警惕，门外就响起了敲门声
[2024-12-15T10:25:10.809Z] INFO: [离线识别] 。开门后毫无疑问就是那小哥。然而这个小哥开口的第一句话却是，你是警察吗
[2024-12-15T10:26:24.137Z] INFO: [离线识别] ？接着，外卖小哥开始给刑警廖言讲了一个诡异的故事，听了他的故事后，身为刑警多年的廖岩也吓出一身冷汗。他甚至怀疑这个小哥是否有精神问题，还仔细检查了对方的眼睛。原来他3个月来一直都在给一个死人送外卖，他总会在深夜接到一个奇怪的订单，而且这个人都会在同一时间半夜的12:34的时候点同一份炸鸡，并且订单上还会附有一些奇怪的留神。更让人不解的是，每次接餐时，这个女孩从来不说话，而且脸上总会敷不同图案的面膜。但是有一天的晚上，奇怪的事情发生了，女孩，不仅提前点餐，外卖单上甚至一句话也没留小哥送到门口后，女孩迟迟没有开门。在小哥的几次叫喊后才缓缓打开门。只见女孩惊恐的眼神，在接过炸鸡的时候，女孩却突然故意用手指狠狠掐了小哥的手。起初小哥并没有多想，但回去的时候越想越不对劲，这让小哥不得不怀疑他在求救。然而更可怕的事情还在后面。当他再次回到女孩的住处敲门时，却连续敲几时下也无人应答。他开始焦急，拳头也越来越准，敲门声很快引来邻居的谩骂
[2024-12-15T10:26:24.894Z] INFO: [离线识别] 嘛呢。大半夜的
[2024-12-15T10:26:27.638Z] INFO: [离线识别] 认为，小哥对着一个空房乱敲，是不是有神经病。然而，小哥的一席话，却让邻居吓出一身冷汗
[2024-12-15T10:26:29.393Z] INFO: [离线识别] 。我送进去了送进去了，你蒙谁呢？这压根儿没人住
[2024-12-15T10:26:31.153Z] INFO: [离线识别] ，我真送进去了，我都送了好几个月了，送给谁了
[2024-12-15T10:27:31.111Z] INFO: [离线识别] ？他他刚才还在这儿呢，因为这间屋子的主人已经死了很长时间，却压根没忍住。小哥没有多想，为了救人，他开始报警。然而，警方到现场后，物业就说这个女孩早在半年前就因车祸死了，他的名字叫陈曦。警方通过档案查询，果然有陈曦的死亡记录。警方认定，小哥在报假案，便狠狠批评了他一顿。为了警察，相信自己所说的是真的。小哥拿出了这几个月的送餐单子，并且还将女孩留下的指甲印展示给警方看。可警方一看，那个指甲印记，却诡异的消失了，没有？他们都以为小哥肯定是送外卖疯了，所以小哥才找到法医廖言听到这里，廖言决定亲自前往那个地址查看，然而不看，还好一看，却让所有人毛骨悚然。廖岩带着梁博士和技术人员陆晓彤一起前往那个房间，准备上去时，物业却说自己害怕，便把钥匙交给他们后，便匆匆离开。廖岩等人来到那个401 房间
[2024-12-15T10:27:45.425Z] INFO: [离线识别] ，就是这样穿上鞋套后，廖岩戴上手套，打算将门打开，显然这个门没有被人撬动过的痕迹。可他们进入房间后，却发现，屋内的家具全被白布覆盖。因为梁博士和陆小童不知道事情的缘由，廖岩简单的讲述了。经过。你的意思是说这个送餐小哥给一个鬼魂送了几个月的餐
[2024-12-15T10:28:04.729Z] INFO: [离线识别] 。然后他觉得这个鬼魂现在遇到了危险请求警方保护小童，你总结的非常好。就是这样，两人觉得不可思议，可在勘察的过程中，诡异的事情却越来越多。梁博士在检查房间里的日历时，他发现上面有许多日记信息，但奇怪的是，在母亲节那天却戛然而止了
[2024-12-15T10:28:08.807Z] INFO: [离线识别] 。不仅如此，明明没有人住的冰箱，为什么却还是冰的凉的
[2024-12-15T10:28:26.385Z] INFO: [离线识别] ？厨房里的水也是清澈的油烟，机上还有未干的油污，就连洗衣机也是有人用过的痕迹，还有马桶里的水也是清水。紧接着，廖岩在浴室里发现了一根头发。廖岩仔细观察，毛囊上还有头皮新鲜毛
[2024-12-15T10:28:54.198Z] INFO: [离线识别] 。这或许可以成为关键证据，他们继续进一步探查。梁博士发现，床上有明显睡过的痕迹。陆小彤通过电脑检查，他发现房间的网络一直没断过，并且每天有人上网玩游戏。所有迹象表明，这个房间绝对有人住过，可为什么要假装没人住的样子？这一切的反常现象让人感觉是同一个人在操作，而时间刚好是7天，难道真是民间所说的7日还魂吗？死者复婆还魂
[2024-12-15T10:29:10.896Z] INFO: [离线识别] ，显然这个推论不可能，但这个外卖也没有精神上的问题。因为廖岩已经仔细检查过，情况越来越诡异，整间房子没有留下任何指纹，也没有证据，只有一根头发，案件根本无法立案调查。为此，他们只能先从死者家属查起，但他们的父母更加奇怪
[2024-12-15T10:29:11.626Z] INFO: [离线识别] ，晨曦回来了
[2024-12-15T10:29:12.067Z] INFO: [离线识别] 嗯
[2024-12-15T10:29:14.644Z] INFO: [离线识别] ，他就会人生某到房子了
[2024-12-15T10:29:42.141Z] INFO: [离线识别] 。母亲的话却让案子更加疑惑，他的话语中无不透露着女孩根本就没死，但档案已经明确记录女孩车祸死亡了。于是，廖言等人只能再次找到撑死你外卖，希望从小哥那里找到更多线索。小哥回忆起女孩的大概模样，其中最具有特征的就是他喜欢敷面膜。廖言认为，找到面膜或许就有可能找到线索。然而就在这里，陆晓彤带来了一个重磅消息
[2024-12-15T10:29:42.874Z] INFO: [离线识别] 。晨曦的朋友说
[2024-12-15T10:29:43.695Z] INFO: [离线识别] ，晨曦这个活泼幽默的人
[2024-12-15T10:29:47.759Z] INFO: [离线识别] ，也就是说如果晨曦还活着，如果卖家开玩笑，这种事他干不出
[2024-12-15T10:29:51.003Z] INFO: [离线识别] 。晨曦也吃炸鸡
[2024-12-15T10:29:53.638Z] INFO: [离线识别] ，只是他不敷面膜
[2024-12-15T10:30:00.986Z] INFO: [离线识别] ，男人第一天送外卖， sonvidia
[2024-12-15T10:30:09.720Z] INFO: [离线识别] 不是哥们儿，我这还等着明年一月换99 ，你们说马丁靴穿着不那个人生得意须
[2024-12-15T10:30:15.128Z] INFO: [离线识别] 532532 ，兄弟们
[2024-12-15T10:30:28.259Z] INFO: [离线识别] 的风向
[2024-12-15T10:30:31.867Z] INFO: [离线识别] 的倔强从
[2024-12-15T10:30:37.380Z] INFO: [离线识别] 我操马可马可马可马可马可爱，你马可
[2024-12-15T10:31:15.438Z] INFO: [离线识别] 很开心，在快节奏的抖音，你们会愿意看这部剧。正如热评里第一所说的，如果这部剧因为节奏慢被骂，那么错的不是剧，而是我们被短视频侵蚀的人的，当然也要跟大家说声抱歉抱歉，让你们久等了。接下来我快马加鞭等更完的。所以话不多说，今天我们继续漫长的季节。2016 年的花林王想正买来带大骨头回家，在楼下遇到了拾荒的老人，一瞬间，有些失了神。在18年前，这是他在垃圾桶里翻到了一袋碎尸，还以为是那大骨头带回家，才从此揭开了王翔的悲剧。而现在王想老了，他
[2024-12-15T10:31:16.108Z] INFO: [离线识别] 吃没吃呢
[2024-12-15T10:31:32.379Z] INFO: [离线识别] ，原来他已经老到听不见了。王想回过头来迎面又走来一位熟人邢建春连年轻时就写满了恩怨。前几天为了查检车牌的事情，还打了一架王，想以为他来报仇来了，但却没想到那邢建春就拎了带东西，像是来看望一位老友一样，部队整点的农村面积大嘛
[2024-12-15T10:31:33.548Z] INFO: [离线识别] ，就配你那小葱啊绝了
[2024-12-15T10:32:38.277Z] INFO: [离线识别] 带酱没有，妈，我还给你带酱啊，你咋行啊？你带酱我都给你整媳妇儿去了。两人说说笑笑，过往的恩怨，似乎在这一刻，或者说在漫长的时间彻底的消失了。很快，马德胜和彪子也来了。原来邢建春是来交代假车牌的事，为为了当尿毒症偷袭的钱，他干了段时间假车牌的事。357 f确实是从他手上出去的，但他却只是个送货的，也并不清楚买主是谁，也没有联系方式。但根据他的观察和分析，买主一定住在健美小区。而说到这儿的王北回家了，王想让儿子王北拿出版画。根据那邢建春描述的特征，画了幅画像，日警员当即决定去蹲待待人，想想彪子和马德生先去。因为王北明天就要去北京考试了，他想给孩子做个饭，见个喜而穷。在店里的彪子知道后，他立马掏出了几百块钱推推搡搡的要给孩子表示当姨夫的不能差事儿之后才潇洒的离开。邢建春也紧跟着离开王想掏出点钱，劝他别再干违法的事。可邢建春却死活消失了，很快，我比你有钱
[2024-12-15T10:32:38.743Z] INFO: [离线识别] 。嗯
[2024-12-15T10:32:39.499Z] INFO: [离线识别] ，你那啥以后呢
[2024-12-15T10:32:40.211Z] INFO: [离线识别] ，你就我30 斤
[2024-12-15T10:32:40.780Z] INFO: [离线识别] 挺有劲的
[2024-12-15T10:32:41.277Z] INFO: [离线识别] ，明白吗
[2024-12-15T10:32:46.005Z] INFO: [离线识别] ？我违法的事儿，咱指定是不能干了
[2024-12-15T10:32:49.549Z] INFO: [离线识别] ，你不管我几个还得管我呀，是不是
[2024-12-15T10:32:51.725Z] INFO: [离线识别] 你说谁的不行
[2024-12-15T10:32:54.765Z] INFO: [离线识别] ，对
[2024-12-15T10:33:24.092Z] INFO: [离线识别] 3人挥挥手离开了。王想做了一顿大餐和王美喝了起来，即便下去聪明的王北问他最近一直在查的事儿，是不是和他哥王洋有关系？王强想了想，也没瞒叮嘱他，不要担心当年王洋死活的想总是化你去外面看看，但那时自己死活也不懂，他想要啥，说什么要拦着他。现在懂了，但一切却都晚了，希希望王放放心走自己的路。而王北不仅聪明也懂事，突然主动提起来，不想去北京了，想想离他太远了
[2024-12-15T10:33:24.823Z] INFO: [离线识别] ，你跟你哥呢
[2024-12-15T10:33:25.596Z] INFO: [离线识别] 一样
[2024-12-15T10:33:31.827Z] INFO: [离线识别] ，因为你身上躺的不是爸爸
[2024-12-15T10:33:35.034Z] INFO: [离线识别] ，你没病
[2024-12-15T10:33:36.588Z] INFO: [离线识别] ，好吧
[2024-12-15T10:33:42.438Z] INFO: [离线识别] ，转化一下哈，如果是
[2024-12-15T10:33:44.665Z] INFO: [离线识别] 我肯定是
[2024-12-15T10:33:49.018Z] INFO: [离线识别] 嗯
[2024-12-15T10:33:55.524Z] INFO: [离线识别] 大然后悔
[2024-12-15T10:34:00.911Z] INFO: [离线识别] 在越南
[2024-12-15T10:34:15.543Z] INFO: [离线识别] 一番话说的王被五味杂陈结和收拾东西躲回了房间，关上门，瞬间眼泪就再也止不住。他拿出李剑早就准备好的红毛衣，是这段时间在便利店打工，又第一次发工资买的，和王洋当年送的红毛衣一样累呀
[2024-12-15T10:34:54.704Z] INFO: [离线识别] 。王美迟迟没能送出去，因为他知道自己代替不了汪洋。万联3人组来到了健美小区蹲点，希望能抓到套他车牌的人，而老马则憋不住去了趟厕所，彪子也坐不住买了住彩票，但恰好碰到车主也来买彩票。彪子确认了车牌和黄彪当场就给人逮住了，但他只承认自己开黑车，却不承认撞人。于是，3人便将他带到警局，也总算成功取回了车。可王王却一直拉着警察，希望能查出了被撞的。而老马这才意识到，汪想要查的根本就不是套牌的事，于是3人便找了地方吃饭。在老马不断的逼问之下，王强也只能交代，但套被车撞的人却正是当面害死王洋的，而这句话却让老马有些激动，汪洋的不慌
[2024-12-15T10:34:55.453Z] INFO: [离线识别] 。18年前我就给你
[2024-12-15T10:35:06.232Z] INFO: [离线识别] ，他不是自杀我儿子，我了解杀他的人就是付卫军又来了。我跟你说过没有你在火车道的时候，那付卫军让我们警察都抓住了吗？那他怎么去的火车道，所以不治他呀
[2024-12-15T10:35:09.044Z] INFO: [离线识别] ，你可以不相信
[2024-12-15T10:35:19.857Z] INFO: [离线识别] ，可抓他的时候，那么多双眼睛都在那儿看着呢，能看错了。所以说你错了，当初18年前你就错了
[2024-12-15T10:35:28.444Z] INFO: [离线识别] ，你别说话，你就告诉我付伟军现在在监狱里呢，他咋就出来让车给撞的了，你告诉我我儿子怎么死的，你跟我俩个
[2024-12-15T10:35:39.688Z] INFO: [离线识别] 我们警察在这天天胡咧咧的，我们讲究的是证据，不是在这想象，这是想象吗？这不是证据吗？这是证实啊，啥这啥脸都没有，这不是想象。这是
[2024-12-15T10:35:40.189Z] INFO: [离线识别] 扔不到
[2024-12-15T10:36:53.312Z] INFO: [离线识别] ，你就告诉我2月巧遇激烈，让我觉得王想是魔怔。但王洋不到20 岁，死在水里，由不得他不天天想一顿饭，还没开始，两人便不欢而散。晚上，王想们被敲响了来的那竟然是吃透了老马，他出去打听了副一军，上个月死在监狱里了。而这句话说完，王想则彻底愣住。第2天，小云来办退休。但工作人员却要他找人证明他确实在花岗。工作小云被着离谱的要求，直接给气哭。那工作12 年一天假都没钱，后来遇到夏口，现在来看退休休办办了。王王想着训斥的工作人员员一顿，最终的结果还是回去等消息。王想给他买了只冰激凌，警察哄着说，吃完了心理片，但却又突然提起一事。98 年巧云小小后也在维多利亚赔过酒，但也向他打听什么和复议军。而且王想提起了这个事，乔云则顿时不是滋味，可就相互有意的两人总是差最后一步。这这让巧误误以为王想借自己的过去直接生气的离开了。实际上，王想只是对付义军的事不死心，老马同样也不死心，他必须要把事情给整清楚。当年王洋的案子到底是自己办错了，还是让王想魔掌？在来到交警队后，这里恰巧遇到了神动的这一问，才得知，用套牌车的车主竟然就是他的儿子沈辉。而这一刻，老马才终于觉得事情不
[2024-12-15T10:37:54.155Z] INFO: [离线识别] 简单，在想了。很久之后，他决定找一个人曾曾经的手下入境的警局局长李群，而看着姗姗来追的李群。老马则有些变，多年未见，聊起天来避命名，严严格。意义上说，李李当年年是金军抢老马的弓升上去，而如今也续不出多少句情分。于是老马索性开口，要是想看看他办富裕军案的卷宗，而这一幕则向结18年前要卷宗也是马队辞职的导火索，那一次，李群拒绝了。而这一次，李群毅然拒绝让老马有线索交给警察，自己别瞎折腾。老马叫他办事，明明是决定放下姿态，但心里却很拧怪。他又觉得李群亏欠他，再加上有个老领导的情分，他没想到是这么个结果。在回到警局后，李群立马调出了卷宗，了解了沈辉肇事案马德胜的能力。他了解，既然开口，那里面一定是有问问题。其实这事李群也没有过去，虽然他把工抢了，但他也一直有有执念。再就是自己配得上这一钱查案，他不比老马差。而当年富裕军的口供里其实存在很多疑点的。第2天，要卷宗失败的老马，却带着王想的彪子直接找到了丁一款，但就得知了富裕军的骨灰被领走，而领取的人正是沈东良，王想来到门卫处交停车费，三皇前几天来过，要过来补开张发票，因为沈东梁的车子是掏彪子的招牌，两人一样
[2024-12-15T10:38:03.276Z] INFO: [离线识别] 对门卫不以有假，王强便轻松获知了沈东梁的住址。于是人便来到小区蹲点，王想也趁机给小云打电话，想道歉，但全都是未接。老板一看，帮着发了一条肉麻的短信请罪并约他晚上吃饭。在收拾消息间，沈东梁回来，于是便鬼鬼祟祟的跟了上去冒充物也敲门，但却无人回应。隔壁老，这是隔壁屋出来了，小伙子敲错了，这边我打电话
[2024-12-15T10:38:21.040Z] INFO: [离线识别] 为了不暴露3人只能无奈的上门去图书馆。老王想上楼观水法，使真五爷来了。他把老马和彪子躲在了屋里头，阿姨看看东西丢没，这是咱小区有几个骗子，专门骗老人好几起了。我告诉你，我说看你都老大不小，怎么那合伙骗老人家钱呢，这谁骗钱了，你咋说话呢
[2024-12-15T10:38:51.375Z] INFO: [离线识别] ？你知道他谁不行？行，别说实话实说我们警察来办案的啊。唉你咋没说你是康熙呢？来微服私访的呢，你啥意思啊？你没啥意思，跟我回物业把事情说清。哎，别上手啊啊，那谁拿的啊？警员当场撕巴了起来，被带去了物业。而听到动静的王想躲着没出来，但他们走后，又来到了沈栋梁的门外。而此时，房门竟然开着那屋里浓烟滚滚，店床上躺了个人氧气罩被拔了。王想赶紧给带上，又去厨房关了火给一转身则历代当场
[2024-12-15T10:38:51.881Z] INFO: [离线识别] 如
[2024-12-15T10:38:52.349Z] INFO: [离线识别] 嗯
[2024-12-15T10:38:56.539Z] INFO: [离线识别] 怎么了？他这是
[2024-12-15T10:39:17.618Z] INFO: [离线识别] 季节性反胃，沈冬梁死了时隔18 年，而看到尸体的他，又吐了一句玩笑似的。季节性反胃陌生，又熟悉。玩了这么多年，他依然还在1998 年那个漫长的秋天。拜拜托好了，警察例行问询，恰好刚刚接新，打发完的巧云来了电话，我来电话了，能不能接一下，你觉得呢
[2024-12-15T10:39:18.765Z] INFO: [离线识别] ？你就让他接吧
[2024-12-15T10:39:31.301Z] INFO: [离线识别] ，老天让人搞个对象不容易。就这样巧云没有等到王想，反而是等来了另一个追求者。吴老师李群在得知此事后，直接把老马叫到了会议室，开口就是一顿训，你查啥呀
[2024-12-15T10:39:32.314Z] INFO: [离线识别] ？啥罪犯让你们查出来了
[2024-12-15T10:39:35.929Z] INFO: [离线识别] ，都让你们查查了，我们吃干饭呗
[2024-12-15T10:39:37.843Z] INFO: [离线识别] ，是这个意思吗
[2024-12-15T10:39:42.319Z] INFO: [离线识别] ？这不是想捋出个线头来交给你吗？我谢谢你啊
[2024-12-15T10:39:48.658Z] INFO: [离线识别] ，你是不是想查沈东的啊
[2024-12-15T10:39:56.023Z] INFO: [离线识别] ，18年前松口纺织二厂的工会干部
[2024-12-15T10:39:57.421Z] INFO: [离线识别] ，沉默的亲大爷
[2024-12-15T10:39:59.559Z] INFO: [离线识别] ，也算是他的养父
[2024-12-15T10:40:04.079Z] INFO: [离线识别] 。肇事逃逸的踏板车。司机就是他儿子沈辉
[2024-12-15T10:40:06.127Z] INFO: [离线识别] ，该查出啥了
[2024-12-15T10:40:11.957Z] INFO: [离线识别] ，我上次不跟你说过了吗
[2024-12-15T10:40:16.633Z] INFO: [离线识别] ？我查着查，我也不能告诉你呀
[2024-12-15T10:40:17.729Z] INFO: [离线识别] ，哈哈哈哈哈哈
[2024-12-15T10:40:22.747Z] INFO: [离线识别] 啊，接着让你们老几位发挥热情啊啊
[2024-12-15T10:40:24.336Z] INFO: [离线识别] 哎
[2024-12-15T10:40:26.050Z] INFO: [离线识别] 你说你们仨
[2024-12-15T10:40:28.145Z] INFO: [离线识别] 出点啥事咋办呢
[2024-12-15T10:40:29.411Z] INFO: [离线识别] ？咋收场
[2024-12-15T10:40:32.035Z] INFO: [离线识别] ，我咋跟你们家属交代
[2024-12-15T10:40:45.732Z] INFO: [离线识别] ，你们打乱我们的争夺节奏，你咋向我交代？李群张狂得意而老马只能受着撑住。最后一口气脚，几人离开，他，却被李巡接下来的一句话彻底给击碎了
[2024-12-15T10:40:46.239Z] INFO: [离线识别] 打字儿
[2024-12-15T10:40:50.166Z] INFO: [离线识别] ，我就拜托你一件事
[2024-12-15T10:40:55.558Z] INFO: [离线识别] ，什么事儿
[2024-12-15T10:40:58.968Z] INFO: [离线识别] 别捣乱
[2024-12-15T10:41:36.342Z] INFO: [离线识别] 。从会议室出来后，老马偷偷抹了眼泪，突然想起了他在警局之后的日子，马上带着沈栋梁毛换灵感，而王想则发现了一些现有的物品，但他却无相回电。因为沈栋梁正在一口肆无忌惮的谈论着沈东，他看着他就觉得恶心，他掏出了那打不了账，直接甩给了这个侵犯养女的畜生。可沈栋梁却丝毫不担心，因为工会的水壶家家都有着算不上证据，反而反过来还疯狂自己骂他生句句不离什么，我最后坏的就是
[2024-12-15T10:41:37.129Z] INFO: [离线识别] 他没死，我手里
[2024-12-15T10:41:38.695Z] INFO: [离线识别] 你看看
[2024-12-15T10:41:40.624Z] INFO: [离线识别] 那时候
[2024-12-15T10:41:45.480Z] INFO: [离线识别] 这么个畜生
[2024-12-15T10:42:25.816Z] INFO: [离线识别] ，他不是那么爱了，他本就因为碎尸案编了很长时间，马德胜彻底的怒，他，他把车停到路边拖下来，沈栋梁就走，可被打个半死的沈栋梁就继续挑衅马德胜一脚接一脚，直接往死里踹。他着急把镰刀一心想劈死。这个畜生可残存的理智暗示战胜了冲突。他等他回到花林，一切却都变了。李群破烂的卢文重失踪了。王洋溺死在小亮河。警方也鉴定他是自杀的，可王想不相信他，更不相信自己。他的结论坚持认为，王想是被杀，这让马德胜无比的憋屈。在回到梦事后，他看着得意的李群马德胜更加烦躁，表示看看宗宗李群劝交给他压，他说案子已经交给他负责了，那到反了
[2024-12-15T10:42:26.379Z] INFO: [离线识别] ，走不动了
[2024-12-15T10:42:30.632Z] INFO: [离线识别] 。我说话你没听见吗？我刚才说什么呢？卷宗拿过来
[2024-12-15T10:42:55.772Z] INFO: [离线识别] ，马大胜闯进局长办公室气呼呼的往那一坐，他违规问询和打人的事情受到了处分。而警长让他老实写检查案子就交给李群，不要管。这此时，马大胜完全听不进去，像极了一只暴躁的野兽，我要吩复为军
[2024-12-15T10:42:56.460Z] INFO: [离线识别] ，马上臣
[2024-12-15T10:42:57.895Z] INFO: [离线识别] 马大生，你是不是魔怔了你啊
[2024-12-15T10:43:12.526Z] INFO: [离线识别] ，卢文中的案子咋回事，你知道吗？宋玉坤，清空化钢工仁安之款已经被批捕了。这些案子你问问吧，你照照镜子去，你现在还有没有一点刑警的样
[2024-12-15T10:43:13.538Z] INFO: [离线识别] ，还认不认识自己是谁
[2024-12-15T10:43:50.711Z] INFO: [离线识别] ，你干啥嘛，都是
[2024-12-15T10:44:01.991Z] INFO: [离线识别] 你是不是疯了
[2024-12-15T10:44:17.434Z] INFO: [离线识别] ，我不看了
[2024-12-15T10:44:30.028Z] INFO: [离线识别] ，你给我回来，他错了吧。也许吧，他仔细想一想，一切都是命，他不知道，甚至所有人都有人重失踪案和碎尸案
[2024-12-15T10:44:33.041Z] INFO: [离线识别] 。那不是你自己说的吗？啊，那不是你自己说的吗
[2024-12-15T10:44:35.589Z] INFO: [离线识别] 呀，你不是说落我屋里了吗
[2024-12-15T10:44:41.006Z] INFO: [离线识别] ？你这这是我我录音，我的那个我的我的我的电脑录的录录
[2024-12-15T10:44:41.716Z] INFO: [离线识别] 录到了音
[2024-12-15T10:44:44.613Z] INFO: [离线识别] 电脑录音
[2024-12-15T10:44:47.587Z] INFO: [离线识别] ，我电脑识别到你，你说的话了
[2024-12-15T10:44:48.754Z] INFO: [离线识别] ，如果说的声音
[2024-12-15T10:44:50.158Z] INFO: [离线识别] 嗯
[2024-12-15T10:45:09.430Z] INFO: [离线识别] 他的认同
[2024-12-15T10:45:32.570Z] INFO: [离线识别] 优先选择了查碎尸案。其实无论选择哪一个都没有错，查清了一个，另一个自然就清了，只是老天没给他事情，一切的事情都汇聚在了17 号。这天，自从碎尸案的身份指向审判后，他就踏入了陷阱。即便查到了沈栋梁，也只不过是一种侵犯。而通过这个查到失踪案和碎尸案，又隔着多少的距离，只能说万般皆是命
[2024-12-15T10:45:53.249Z] INFO: [离线识别] ，不由人。一个旅过大案，一个真心情的好警察，职业生涯就此暗淡不容，带着一生走过去的厉害。那一次，他安然离开了警局，尚年轻。这一次，他他再次离开了警局，只是头发已花白。他挥挥手离开，王翔，也独自去找乔治，而彪子永不内行，毫无感觉。再等他们走后，警察也开会，研究起了沈多良被杀案，在背后有多处刀伤和凶手在趁他炒菜时
[2024-12-15T10:45:54.015Z] INFO: [离线识别] ，指甲里还有这凶手
[2024-12-15T10:45:54.613Z] INFO: [离线识别] ，那破坏咱俩关系
[2024-12-15T10:46:59.758Z] INFO: [离线识别] 已经被送去做 d na检测。那另外他们还发现了一些护卫军的私人信息，通讯员是内蒙古的印红。而军内门警方检查，叶红已经在前不久前马上要离开了，那目的地正式化了
[2024-12-15T10:49:03.925Z] INFO: [离线识别] ，我操
[2024-12-15T10:49:15.486Z] INFO: [离线识别] 没有
[2024-12-15T10:49:16.490Z] INFO: [离线识别] 嗯
[2024-12-15T10:49:57.949Z] INFO: [离线识别] ，说实话，这房子真不赖
[2024-12-15T10:50:03.411Z] INFO: [离线识别] ，后面有院子，前面也有那个可以充电的
[2024-12-15T10:50:07.856Z] INFO: [离线识别] ，就是有一个这个小门，这房子其实真不赖
[2024-12-15T10:50:09.130Z] INFO: [离线识别] 布局来讲
[2024-12-15T10:50:12.553Z] INFO: [离线识别] ，只是装修太差了
[2024-12-15T10:50:14.715Z] INFO: [离线识别] ，装修好一点，这房子真的
[2024-12-15T10:50:19.878Z] INFO: [离线识别] 现在
[2024-12-15T10:51:00.756Z] INFO: [离线识别] 也没有想到，在王小子执着下，18年前的很多事情竟真的慢慢被揭开了。1998 年的秋天，卢文仲被杀后，殷红就突然来找沈默了，看着他收拾行李艾贝，他要和卢文仲去香港去过殷红梦寐以求的生活，而看让他失落羡慕的样子。沈默则顺利，他的话故意的说了，罗文文给了他他800000 ，殷红宏然然破了一边威胁要告诉王杨，一边表示沈梦能发这笔财还得感谢他。可没想到沈梦听完竟然直接把汇票给了以后，并且说了句意味深长的话
[2024-12-15T10:51:01.524Z] INFO: [离线识别] ，你不是想变成我
[2024-12-15T10:51:03.752Z] INFO: [离线识别] 朗诵这个故事
[2024-12-15T10:51:14.371Z] INFO: [离线识别] ，那我可不跟你客气了
[2024-12-15T10:51:16.032Z] INFO: [离线识别] ，谢了
[2024-12-15T10:51:18.709Z] INFO: [离线识别] ，哎呦
[2024-12-15T10:51:32.187Z] INFO: [离线识别] ，你贵了吧
[2024-12-15T10:51:43.703Z] INFO: [离线识别] ，是
[2024-12-15T10:52:46.870Z] INFO: [声音匹配] 检测到热词
[2024-12-15T10:52:46.870Z] INFO: [声音匹配] 检测到关键词: 雪豹
[2024-12-15T10:52:47.833Z] INFO: [离线识别] 怎么一敲一敲的，反正红色
[2024-12-15T10:52:49.597Z] INFO: [离线识别] 他等待时候已经回来了，谢谢大家
[2024-12-15T10:52:56.155Z] INFO: [离线识别] 。那个令他动容的殷红被自己的亲姐姐杀了，但悲痛不已，但却发不出一点声
[2024-12-15T10:53:21.558Z] INFO: [离线识别] 。罪客的什么他捡了记破碎碎孔，他决定和英红对好身份。他要让所有人都认为什么死，然后用映红的身份去一个没有人认识的地方重新开始。但他还缺了一样东西，那就是足以证明他是什么东西。为了回到屋里，看着自己特有的4道纹小手指那个从小被算命的说，代表命运的人那个一直想问，但从没过解的命，这一次将彻底的结束
[2024-12-15T10:55:03.305Z] INFO: [离线识别] 。好了，我是瓦斯，在快乐世界讲点半点故事，我们下一集
[2024-12-15T10:55:17.250Z] INFO: [离线识别] 很开心。在快节奏的抖音，你们会愿意看这部剧。正如热评里第一所说的，如果这部剧因为节奏慢，被骂，那么错的不是剧，而是我们被短视频侵蚀的人吧，当然也要跟大家说声抱歉
[2024-12-15T10:55:18.922Z] INFO: [离线识别] ，家人们还有没有这样的影视剧推荐啊？我才解说到一半
[2024-12-15T10:55:47.286Z] INFO: [离线识别] ，最近讲的这部剧，我们把这部戏拍了，有一些人会感谢我们的。有一次采访时，秦昊提起自己出演的漫长的记忆，但他说的这句话让我一直印象很深刻。因为从这句话里面，我看见了博傲，也看见了用心和信。在这部剧刚上映时，秦昊演的彪子一出场，就让所有人都惊呆，没人敢相信，这是秦昊只是开玩笑说，但是不是有什么把柄攥在辛爽手里了，隐秘的角落里演秃头这次又在油腻和秃头中选爆签了
[2024-12-15T10:55:57.730Z] INFO: [离线识别] 。富家大小姐突然发现，运动差生竟没正眼看他，可上课却偷偷瞄写，所以很讨厌这样的家。但即便如此，为了保证好学生的人生，就放下高傲的身份。接着便向对方打招，不料却得到一个可怕的真相
[2024-12-15T10:55:59.210Z] INFO: [离线识别] 。你心里
[2024-12-15T10:57:09.401Z] INFO: [离线识别] 他怎么也没想到，男生竟然叫错。他的名字。显然，作为邻座，3个月居然没注意过，他只是以望向窗外做掩护，偷偷的练习起茉莉就是为一个特殊的梦想，但富家女对此一无所知。不过，因他这次的热情招却突然捡回了一条命。而由于旅克泰姆又联系不上自家司机，故此做了一个大胆的决定。但他没料想到这是非常错误，打算就在撞着胆子穿过小巷时，竟忽然听到背后传来脚步声。但回过头去，无人，本以为只是虚惊一场，可转身就撞到一个胸膛。男人面相十分凶富，家女见状赶紧朝着反方向跑，试图远离这是非之地。不料，一辆车忽然浮在面前，显然这两人早有预谋，便是在此处的。他就不知对方有何目的。而在他陷入昏迷之际，看到街角竟有一个男人，似乎是他认识的同学或许会帮他报警，但这只是富家女的意想罢。也许等待的是另一番景象，看到玻璃窗看着一幕，已不知身在何方，就在他起身。观察4周，劫匪的声音传来，显然是为了钱财绑架，显然先干掉保镖
[2024-12-15T10:58:11.050Z] INFO: [离线识别] 或护家女走业务，再在必经之路等猎物。可见计划很成功，一定会狠狠的赚一单，但却没人注意到门外忽然闪过的亮光。那是男生在查看里面的情况，知晓只有两个人后就开始做了准备，于是扔掉身上负重，接着打开背包，里面是一套蒙面衣服以及2根撬骨，这些东西将是他对方劫匪的有力手段。正当他爬管道时，里面也传来惊恐声，原来在赎金送来前后，毛就想好好的快。不过，女孩没有配，于是抛出第一次被保障，试图降低他的意志。等女孩身心薄弱，就准备动手时，却听到屋顶的脚步声，心中顿时产生不良的欲。只见对方踹开了玻璃窗，瞬间就来到了地面。接着自报家门是个潇洒的暴徒杀手。只为了清理不正义的事，黄毛见状立刻掏枪出来。他还没射击手臂，便被玻璃刺穿了。显然，对方的速度先一步，而男孩的也没有停歇，并已打趴对方，但男孩还不放心，接着又狠狠的拦一瞬间又解决了一顿，剩下被劫匪的见。这一步，便知道，男孩有些实力随即顿失涌出一种情况。随即扔下手中的枪，要跟对方了一场，因为被军队除名后就没有过这样的机会。但他
[2024-12-15T10:58:30.388Z] INFO: [离线识别] 不知道的是，这绝对是最愚蠢的行为。随后就提到攻击只是挥几下，这让对方挂了，心里也涌出变态的想法，要好好的蹂躏一下。可再次攻击之后，却被撬棍抵挡下，这是他没有想到的是，不仅如此，凭借着撬棍的攻击，竟还把刀打飞了出去。但即便对方占据上风，劫匪也没有担忧。随即对始占飞拳脚，并趁机展开猛烈袭击，瞬间就踢飞。男孩刚想为他的优势而感到沾沾自喜的时候，却发现男孩很冷静，随即想出新的招式来
[2024-12-15T10:59:30.236Z] INFO: [离线识别] 劫匪。没想到这家仅凭一根撬棍，竟真的能够逆转战局。本以为只是巧，但看着对方的气场，额头的冷汗，顿时冒出也意识到的找出新的策略，随即瞄上了手枪，可还没抓住，就被撬棍打飞了，甚至没有反应过来时，大腿已经被打断了，但这还没结束，男孩又开始疯狂的攻击，似乎没有放过的男子等男孩解决后，捡起地上的小刀朝着女孩走。本以为是要灭了，没想到镜救下了他，并警告少走业务。女孩也知晓对方是那个他讨厌的男生，可转头要道歉时已经不见对方的身影。再看看劫匪的模样，竟已经被打得认不出，而且武器也被拆解成零件。富家女被解救后，并没有透露男生任何事，因为对方跟自己一样，都是戴着面具活着，但让他万万没想到的是，不久后的一天，竟在地上的小到男生没被撞死的信息，这到底是意外还是隐藏怎样的故事？富家大小姐突然发现，运动铲除
[2024-12-15T10:59:32.445Z] INFO: [离线识别] ，有人说维维送的呗。老婆，我上学去了，去吧去吧，我就早点回来啊，知道了
[2024-12-15T10:59:33.184Z] INFO: [离线识别] 海军行动
[2024-12-15T10:59:37.069Z] INFO: [离线识别] ，哎，兄弟，加油
[2024-12-15T10:59:57.284Z] INFO: [离线识别] ，咱这样是不是不太好？这毕竟是孩子隐私杀引子，喂死的，他出去都属于学习了，里面指不定是啥了。嗨，他一个孩子，那抽屉里能装啥呀？万一里面是情书啥的呢？你万一他怎么样还看不就知道了
[2024-12-15T11:00:05.707Z] INFO: [离线识别] ，这可不是讨不早恋的事儿
[2024-12-15T11:00:40.270Z] INFO: [离线识别] ，这是干几年的事儿，你们反我，我抽屉了儿啊，那些钱到底是哪儿来的呀？你早点坦白，咱马上去自首还来得及，那都是我自己挣的。你一个孩子上哪挣大老师钱呀？这事儿啊还得从上次暑假说起，我真服了，我好不容易放假了，我妈都给我报最好的班儿，可不是呗。我爸给我报的游泳班，羽毛球班，我还好好玩玩玩。哎，我要是组织一个龙头春游活动，咱们一起体验体验原生态效果。你们想不想去啊？行
[2024-12-15T11:00:41.424Z] INFO: [离线识别] ，农村春游原声太像吗
[2024-12-15T11:00:51.781Z] INFO: [离线识别] ？不是你，你上哪上我三叔那儿效果不多了去了。哎呀，那可太好了。三哥等等，这是水雷出大了再说。那那你跟乡亲们统计统计都谁家要把活包出去，给我列个单子好嘞
[2024-12-15T11:01:05.565Z] INFO: [离线识别] ，你领他们上农村干活去了。对呀，我们这也从小在城里折腾过，养的拼多多，对我们来说是不是？那你说咋说服那帮家长，哪哪说服得了啊啊，老师啊，不不不不，我可不能干。哎，你看你
[2024-12-15T11:01:06.107Z] INFO: [离线识别] 那才有百度啊
[2024-12-15T11:01:06.640Z] INFO: [离线识别] ，我这说什么
[2024-12-15T11:01:16.541Z] INFO: [离线识别] 这活动的意义，不就是让同学们忆苦思甜欲象娱乐，这多有意义
[2024-12-15T11:01:19.068Z] INFO: [离线识别] 。要你能说服他们家，想让他们报名，我们买
[2024-12-15T11:01:21.336Z] INFO: [离线识别] 再给你拿100 块钱提成
[2024-12-15T11:01:23.018Z] INFO: [离线识别] ，那我试试啊
[2024-12-15T11:01:33.386Z] INFO: [离线识别] ，哎告诉家长吗？啊，我们有个活动啊，还可以给老师拿提成。对呀，那你靠啥挣的钱呀，我马上就要说了嘛
[2024-12-15T11:01:33.980Z] INFO: [离线识别] ，帅哥，你们来了
[2024-12-15T11:01:42.232Z] INFO: [离线识别] ，你好了吗？好嘞好嘞，呃这上就是那个想起来小百包的货，你看看。行，那你先回吧，再说这儿交给我们就行了。好嘞，那个那个
[2024-12-15T11:01:47.748Z] INFO: [离线识别] 那边是水稻插秧项目啊，费用¥100，不限时，想体验的上我这来报名，我来我来我来我来我来
[2024-12-15T11:01:48.744Z] INFO: [离线识别] 啊一个一个来啊
[2024-12-15T11:02:11.681Z] INFO: [离线识别] ，哎呀，这也太好玩了。这个说我已经和大自然合二为一了，感觉哎呀，这干活的真能干呀，咋可能都来看光天化日，他居然敢偷拍我，你简直无法无天，简直拿起安全。哇，一大坏蛋
[2024-12-15T11:02:31.494Z] INFO: [离线识别] 大坏蛋t直播间的人，现在我的电脑上呢有过去45 年，每一年的年度最佳游戏。他们从1979 年到现在横跨了半个世纪，每一款都是当年神一般的存在。那接下来老老黑班长时隔2年，铁三角竟再次遇见了新兵连的班长。而老黑也是一如既往的热情，他么
[2024-12-15T11:02:38.571Z] INFO: [离线识别] 海上的事情选一个玻璃加热垫卖这么贵，不就是体感温度呢？这个是空气泡，它能产生气流，达到一些小物体
[2024-12-15T11:02:43.902Z] INFO: [离线识别] ，还漏了我一个喷嚏。那如果把空气炮的体积放到100 倍
[2024-12-15T11:02:45.340Z] INFO: [离线识别] ，能不能把人也分飞呢
[2024-12-15T11:02:54.377Z] INFO: [离线识别] ？哇哇，难上了，我妈妈真舍得大学就给你配车，叫我们段位给他好冲一波，走上车走
[2024-12-15T11:02:55.839Z] INFO: [离线识别] ，这个天天把带的东西放后边
[2024-12-15T11:02:59.384Z] INFO: [离线识别] ，哇，小心点儿
[2024-12-15T11:03:01.012Z] INFO: [离线识别] 下来，下来下
[2024-12-15T11:03:05.120Z] INFO: [离线识别] 车里怎么住5个人啊
[2024-12-15T11:03:08.831Z] INFO: [离线识别] ，人家高成森马上要出国留学，哪有空制我们啊
[2024-12-15T11:03:11.516Z] INFO: [离线识别] 现在
[2024-12-15T11:03:16.538Z] INFO: [离线识别] 我请他们开黑，请你吃堂，随便你进血糖吧，你吃完饭开车去
[2024-12-15T11:03:21.145Z] INFO: [离线识别] ，这个女人刚死了，老公却边哭边笑，边数钱
[2024-12-15T11:03:22.650Z] INFO: [离线识别] ，只因丈夫是因公司
[2024-12-15T11:03:24.674Z] INFO: [离线识别] 而警局点实在是太多了
[2024-12-15T11:03:26.865Z] INFO: [离线识别] 30000 
[2024-12-15T11:03:28.187Z] INFO: [离线识别] 父亲找实验
[2024-12-15T11:03:29.255Z] INFO: [离线识别] ，经常是我
[2024-12-15T11:03:30.708Z] INFO: [离线识别] 死了就好
[2024-12-15T11:03:35.316Z] INFO: [离线识别] ，殉直就给殉直被坏人打死
[2024-12-15T11:04:04.982Z] INFO: [离线识别] 。闫大海一听，立马来了兴趣，恰好此时西红柿又发生一起案件，市长的千金居然被斧头帮绑架，市长本人都赶到了现场，担心女儿出差错的市长连忙询问歹徒提出了什么逆天厕所，钢管五流，全伤万样，销售零闪避临时破和厕所门双排全伤，拿下装备带大力套武器带混血棍
[2024-12-15T11:04:13.382Z] INFO: [离线识别] ，虽人拒绝一条既有温度，还有方度。2天券涨到4000000 粉丝后，日子却越来越难。因为大家劝我讲，这绝对是奇遇，最无美的10 验券，涨到400 位粉丝
[2024-12-15T11:04:13.765Z] INFO: [离线识别] 就越来越
[2024-12-15T11:04:18.931Z] INFO: [离线识别] 。因为大家听我讲的片子也越来越比我看上课，居然有人向我推荐讲这片片
[2024-12-15T11:04:19.403Z] INFO: [离线识别] ，我还怕
[2024-12-15T11:04:28.159Z] INFO: [离线识别] 这是自己在地狂的科比，这绝对是其余最无辜的一次。明明只想捡回所有薯片的他，却不小心给了徒弟1bar掌
[2024-12-15T11:04:53.893Z] INFO: [离线识别] 。这不是普通的1bar掌，这是来自奇遇的1bar掌。杰诺斯瞬间宕机了，根本没有任何反应的事情。当奇遇发现徒弟躺下后，本想感叹一句，年轻真好，可仔细一想，不太对劲，自己刚刚好像碰到了什么东西。果不其然，等杰诺斯再次醒来时，眼神已经变得出奇的清澈，那就不得
[2024-12-15T11:04:54.457Z] INFO: [离线识别] 我的妈呀
[2024-12-15T11:05:07.536Z] INFO: [离线识别] 。没开玩笑，就连国服发育路都不知道的守约兑现技巧，竟然能让赖神所发觉。守约经过几次调整后，前期的强度不用多说，想必大家都有感同身受。然而，为了在前期的兑现期间，能够有一种
[2024-12-15T11:05:26.849Z] INFO: [离线识别] 赖神，却发现了一个开局，能够无伤完整吃到兵线的方法。起初是在刚刚的训练赛中，前期口袋的守约，面对小龙人和少思人的强势，压塔中不知所措，前期被对手卡了兵线不说，就连躲在后方架具都难以补到残血兵。于是，复盘的赖神对其给出了一个方案，便是开局学习一计波罗
[2024-12-15T11:05:28.421Z] INFO: [离线识别] ，你隐身就纹那个兵就好了，隐身的秘术
[2024-12-15T11:05:31.381Z] INFO: [离线识别] ，我让你去补逼啊，一级还可以再来的哟
[2024-12-15T11:05:38.983Z] INFO: [离线识别] 。学一你你学二，你是不是一题都没知道，你学一能隐身，你只要不动
[2024-12-15T11:05:39.454Z] INFO: [离线识别] ，知道没有
[2024-12-15T11:05:48.427Z] INFO: [离线识别] ，那你后面两个是不是没了，我掉不掉血，他都不会。不会，你隐身站在塔下对面都没会
[2024-12-15T11:05:49.400Z] INFO: [离线识别] ，所以让你不一样
[2024-12-15T11:06:56.071Z] INFO: [离线识别] 。你觉得隐身就能吃现啊。我说你学啊没用的，他会用这46 分去挡你的。二技能的小龙人和邵思源的组合技能正常是需要单位才能是隐身的守约，自然而然能够完美避开了前期的团战，从而吃到兵线。然而，赖神刚提出方案后，口袋第一时间否决了此等想法，认为开局主移技能的守约根本能能为了实践得出真理。很快，赖神便带着自己的方案开始实战了。我跟你说，我平常被抗路一打二的时候，我心里都很开心的。我说我难受，我队友又舒服了，我很开心心，怎么一打二怎么会不开心呢？起初第一次实践的赖神主完一技能后，试图在周围徘徊，尽可能出现在兵线掉落金币的最远端，喝一口汤。然而，第一次实践的赖神不巧与小兵跟邵思源站在了3.1 线的未来。少思元技能释放到兵线途径当中，所附带的伤害命中到的赖神。至此，第一次实践的赖神遭到了失败，我动了吗？我a命了吗？对你有诡迹。主哦，轨迹有伤害是吧
[2024-12-15T11:06:58.139Z] INFO: [离线识别] ？哎呀，东西你都能遇了，那还有一个技巧，那我就已经说我来找你东西
[2024-12-15T11:06:59.339Z] INFO: [离线识别] 来了，来了讲讲话也放假了
[2024-12-15T11:07:00.675Z] INFO: [离线识别] 。我我现在想到11 招，我想到一招我听
[2024-12-15T11:07:01.269Z] INFO: [声音匹配] 检测到热词
[2024-12-15T11:07:01.270Z] INFO: [声音匹配] 检测到关键词: 雪豹
[2024-12-15T11:07:02.095Z] INFO: [离线识别] 世界最远，我操你脸上
[2024-12-15T11:07:11.583Z] INFO: [离线识别] 来，我走你我直接走。这是我装修中医的干活。最墨迹的瓦工师傅，别人56 天能干完的
[2024-12-15T11:07:12.077Z] INFO: [离线识别] ，在这里先
[2024-12-15T11:07:31.649Z] INFO: [离线识别] 别人都是按图纸施工，那他每天都要联系无数次。我家露台本来设计了一面花砖，他却说装完柜子全挡不了这么好看的花砖，不如直接贴在柜子上。好，可是我也不知道贴出来是啥效果呢
[2024-12-15T11:07:32.581Z] INFO: [离线识别] 。小飞，刚才你说的
[2024-12-15T11:07:38.367Z] INFO: [离线识别] 牛逼，一条视频教会你剪映专业版分
[2024-12-15T11:07:39.494Z] INFO: [离线识别] ，这是
[2024-12-15T11:07:42.925Z] INFO: [离线识别] 人工毒打的很激烈，过来劝架
[2024-12-15T11:07:49.094Z] INFO: [离线识别] ，还讲点干货的，就是这种原厂的压纹线，双拼色的
[2024-12-15T11:08:11.436Z] INFO: [离线识别] 。我们将黄金白银注入火焰于3000°C高温中气化变彩，在凝固为超精细的彩色金银丝线和颗粒悬浮于琉璃球中，随即形成每一颗都不一样的宇宙星辰立体花纹，再将欧珀宝石和黄金珠做成星球，与满天星辰交相辉映
[2024-12-15T11:08:18.951Z] INFO: [离线识别] 。这个工艺相当复杂，需要流离艺术经验。10 年以上的工匠师傅炼制几只小吃方成叶，可且无法积极量产和等效仿制
[2024-12-15T11:08:35.801Z] INFO: [离线识别] 。因为所有图案和色彩都是用来自于外太空的黄金白银制成，闪耀着晶莹光泽的星辰琉璃就是把远古的恒星碎片凝聚于你手中，万千精明星点，呈现浩瀚宇宙的星辰余晖
[2024-12-15T11:09:09.564Z] INFO: [离线识别] 。报告各位表哥，昨晚美国国会联合搞了个大新闻，他们居然通过了一项日才龙国大蒜的文件。是的，你没听错。大蒜一时之间全世界都惊掉了下巴。大蒜这位地球最接地气的调问，大哥，什么时候成了威胁美国国家安全的头号路？好消息，开锁师傅开到隐藏副本了，坏消息开锁师傅钱都不敢要就好了。起因是有个男子刚出差回来，整个人看的特别
[2024-12-15T11:09:11.688Z] INFO: [离线识别] ，他到家门口才发现没带钥匙，于是就给老婆打电话让他看
[2024-12-15T11:09:19.224Z] INFO: [离线识别] 他。老婆一听到他在家门口立刻就不淡定了，忙说自己不在家，正和闺蜜在连续几天被妈妈灌热水器后
[2024-12-15T11:09:20.828Z] INFO: [离线识别] ，终于有了反制的办法
[2024-12-15T11:09:26.447Z] INFO: [离线识别] 。昨晚，妈妈又来灌热水器了
[2024-12-15T11:09:30.501Z] INFO: [离线识别] ，熟练的起身好像有点不一样了
[2024-12-15T11:09:32.524Z] INFO: [离线识别] ，按一下
[2024-12-15T11:09:34.700Z] INFO: [离线识别] 怎么没反应
[2024-12-15T11:09:38.364Z] INFO: [离线识别] ，测试一下
[2024-12-15T11:09:41.500Z] INFO: [离线识别] 还是不行
[2024-12-15T11:09:45.049Z] INFO: [离线识别] ，开始沉思
[2024-12-15T11:09:47.185Z] INFO: [离线识别] ，长时间思考
[2024-12-15T11:09:50.381Z] INFO: [离线识别] ，欢迎猫生
[2024-12-15T11:09:54.455Z] INFO: [离线识别] 重整旗鼓后再次尝试
[2024-12-15T11:09:57.126Z] INFO: [离线识别] ，这是明显就上镜了
[2024-12-15T11:10:04.950Z] INFO: [离线识别] ，告诉你啊
[2024-12-15T11:10:12.834Z] INFO: [离线识别] ，可这可现实吧，这
[2024-12-15T11:10:26.278Z] INFO: [离线识别] 盘点大快人心的解气，时刻偷村的宝子先别走啊，本期是我们洛可可的一个介绍，他从百米高的钟楼上一跃而下，可第2天却又安然无恙。从床上醒来，他又
[2024-12-15T11:10:31.928Z] INFO: [离线识别] 这惩戒，不用交什么是吧
[2024-12-15T11:10:34.956Z] INFO: [离线识别] ？充满少年的迷恋
[2024-12-15T11:10:35.961Z] INFO: [离线识别] 自己的包
[2024-12-15T11:10:37.967Z] INFO: [离线识别] 性腰围
[2024-12-15T11:10:41.863Z] INFO: [离线识别] ，这抽烟
[2024-12-15T11:10:44.961Z] INFO: [离线识别] 一个表达往想，所以到就是样
[2024-12-15T11:10:46.480Z] INFO: [离线识别] ，这是脑子的问题，我要买
[2024-12-15T11:10:55.252Z] INFO: [离线识别]  my increase i day， not i wish by me up。 i i don't find time them from toward three five。the15 年他哪里飞到 differentline
[2024-12-15T11:10:56.644Z] INFO: [离线识别] 爱的
[2024-12-15T11:10:57.992Z] INFO: [离线识别] 哒哒哒哒
[2024-12-15T11:11:03.443Z] INFO: [离线识别] ，等一下
[2024-12-15T11:11:26.732Z] INFO: [离线识别] 最重要的
[2024-12-15T11:11:30.553Z] INFO: [离线识别] 完了完了完了完了完了
[2024-12-15T11:11:35.392Z] INFO: [离线识别] ，行车记录仪拍下这惨烈的一幕
[2024-12-15T11:11:42.330Z] INFO: [离线识别] ，粉丝发来的视频。小车进大车前，狗狗无意间发现森林里躺着一只，它从来没有
[2024-12-15T11:11:46.231Z] INFO: [离线识别] 。嗯，好了好了啊，儿子妈妈
[2024-12-15T11:11:51.029Z] INFO: [离线识别] ，你那个说什么儿子，你找那个胶，还有吗
[2024-12-15T11:11:51.556Z] INFO: [离线识别] ？拿掉了
[2024-12-15T11:11:54.665Z] INFO: [离线识别] 呃双面胶之类的那种
[2024-12-15T11:11:55.447Z] INFO: [离线识别] 泡沫胶也行
[2024-12-15T11:11:59.176Z] INFO: [离线识别] ，我记得应该有吧
[2024-12-15T11:12:01.041Z] INFO: [离线识别] ，我觉得有啊
[2024-12-15T11:12:05.267Z] INFO: [离线识别] ，都放在里了
[2024-12-15T11:12:07.967Z] INFO: [离线识别] ，应该就能证明了
[2024-12-15T11:12:14.074Z] INFO: [离线识别] ，还是那个店吗
[2024-12-15T11:12:20.071Z] INFO: [离线识别] ？我自己找吧
[2024-12-15T11:12:36.109Z] INFO: [离线识别] ，不可以
[2024-12-15T11:12:41.051Z] INFO: [离线识别] ，没必要啊
[2024-12-15T11:12:49.564Z] INFO: [离线识别] ，没有吧
[2024-12-15T11:13:06.743Z] INFO: [离线识别] ，没有
[2024-12-15T11:13:08.809Z] INFO: [离线识别] ，就是个大胶带
[2024-12-15T11:13:11.513Z] INFO: [离线识别] 啊，这个是双面的吗
[2024-12-15T11:13:13.244Z] INFO: [离线识别] ？必须得要双面的
[2024-12-15T11:13:40.518Z] INFO: [离线识别] 锁在一地之里
[2024-12-15T11:13:42.293Z] INFO: [离线识别] ，一号棒棒棒
[2024-12-15T11:13:50.213Z] INFO: [离线识别] 逼的，我明天一天我就交给我准备
[2024-12-15T11:13:53.461Z] INFO: [离线识别] 交互会，就让他给个一个
[2024-12-15T11:14:02.266Z] INFO: [离线识别] 我操这一大摊是他妈狗拉的还是猫拉的
[2024-12-15T11:14:10.514Z] INFO: [离线识别] ，你是狗拉的什么
[2024-12-15T11:14:13.464Z] INFO: [离线识别] 猫应该拉不了那么大一套吧
[2024-12-15T11:14:21.630Z] INFO: [离线识别] ，爱你
[2024-12-15T11:14:23.546Z] INFO: [离线识别] 对
[2024-12-15T11:14:25.594Z] INFO: [离线识别] 不拉的莫拉的
[2024-12-15T11:14:28.144Z] INFO: [离线识别] 对啊，有
[2024-12-15T11:14:38.453Z] INFO: [离线识别] 为什么拉稀的这是有有问题了
[2024-12-15T11:14:40.886Z] INFO: [离线识别] 。他妈的他刚才在我床上踩了
[2024-12-15T11:14:45.133Z] INFO: [离线识别] ，我，那是应该
[2024-12-15T11:14:51.366Z] INFO: [离线识别] 他妈的这他妈怎么盖他，你问他怎么盖的
[2024-12-15T11:14:56.866Z] INFO: [离线识别] ，不不是你骨会这样拉吗
[2024-12-15T11:15:00.858Z] INFO: [离线识别] ？我也没叫他往里面拉屎啊
[2024-12-15T11:15:02.259Z] INFO: [离线识别] 。对对对对
[2024-12-15T11:15:05.795Z] INFO: [离线识别] ，装个监控，装个监控对着他
[2024-12-15T11:15:12.866Z] INFO: [离线识别] 官网监控
[2024-12-15T11:16:42.638Z] INFO: [离线识别] 不有排面啊这个
[2024-12-15T11:17:11.003Z] INFO: [离线识别] 有哪家
[2024-12-15T11:17:23.131Z] INFO: [离线识别] ，你是不是掉了呀，我操
[2024-12-15T11:18:15.420Z] INFO: [离线识别] 啊，没有没有
[2024-12-15T11:18:40.983Z] INFO: [离线识别] 嗯
[2024-12-15T11:18:45.451Z] INFO: [离线识别] 嗯
[2024-12-15T11:18:57.291Z] INFO: [离线识别] 嗯
[2024-12-15T11:19:23.740Z] INFO: [离线识别] 嗯
[2024-12-15T11:19:25.516Z] INFO: [离线识别] 啊，你现在是
[2024-12-15T11:20:13.305Z] INFO: [离线识别] 不来了
[2024-12-15T11:20:16.433Z] INFO: [离线识别] ，我问问你干干
[2024-12-15T11:20:28.571Z] INFO: [离线识别] 嗯嗯嗯
[2024-12-15T11:20:37.563Z] INFO: [离线识别] ，你是不是拉肚子
[2024-12-15T11:20:44.175Z] INFO: [离线识别] ，不像话
[2024-12-15T11:20:50.313Z] INFO: [离线识别] 。 yeaher
[2024-12-15T11:20:58.472Z] INFO: [离线识别] 当时时间
[2024-12-15T11:21:02.127Z] INFO: [离线识别] 嗯
[2024-12-15T11:21:32.542Z] INFO: [离线识别] 啊没有没有
[2024-12-15T11:22:09.022Z] INFO: [离线识别] 嗯
[2024-12-15T11:24:14.316Z] INFO: [离线识别] ，试一下
[2024-12-15T11:24:21.256Z] INFO: [离线识别] 嗯
[2024-12-15T11:24:44.401Z] INFO: [离线识别] ， hello，world
[2024-12-15T11:25:19.097Z] INFO: [离线识别] 嗯
[2024-12-15T11:25:35.356Z] INFO: [离线识别] 嗯
[2024-12-15T11:25:41.562Z] INFO: [离线识别] 嗯
[2024-12-15T11:25:48.550Z] INFO: [离线识别] 嗯嗯
[2024-12-15T11:26:19.501Z] INFO: [离线识别] 嗯
[2024-12-15T11:26:39.430Z] INFO: [离线识别] 嗯
[2024-12-15T11:26:50.469Z] INFO: [离线识别] 嗯
[2024-12-15T11:26:52.274Z] INFO: [离线识别] 嗯嗯
[2024-12-15T11:32:53.674Z] INFO: [离线识别] 是
[2024-12-15T11:33:05.252Z] INFO: [离线识别] 哦
[2024-12-15T11:33:11.477Z] INFO: [离线识别] ，真的是啊
[2024-12-15T11:33:25.906Z] INFO: [离线识别] ，不
[2024-12-15T11:33:27.036Z] INFO: [离线识别] 不
[2024-12-15T11:33:29.353Z] INFO: [离线识别] 上来
